Linked: (/home/davincic2/catkin_ws/devel_release/.private/cisst_msgs/share/common-lisp/ros/cisst_msgs/msg/BoolStamped.lisp, /home/davincic2/catkin_ws/devel_release/share/common-lisp/ros/cisst_msgs/msg/BoolStamped.lisp)
Linked: (/home/davincic2/catkin_ws/devel_release/.private/cisst_msgs/share/common-lisp/ros/cisst_msgs/msg/_package_BoolStamped.lisp, /home/davincic2/catkin_ws/devel_release/share/common-lisp/ros/cisst_msgs/msg/_package_BoolStamped.lisp)
Linked: (/home/davincic2/catkin_ws/devel_release/.private/cisst_msgs/share/common-lisp/ros/cisst_msgs/msg/prmFixtureGainCartesianSet.lisp, /home/davincic2/catkin_ws/devel_release/share/common-lisp/ros/cisst_msgs/msg/prmFixtureGainCartesianSet.lisp)
Linked: (/home/davincic2/catkin_ws/devel_release/.private/cisst_msgs/share/common-lisp/ros/cisst_msgs/msg/cisst_msgs-msg.asd, /home/davincic2/catkin_ws/devel_release/share/common-lisp/ros/cisst_msgs/msg/cisst_msgs-msg.asd)
Linked: (/home/davincic2/catkin_ws/devel_release/.private/cisst_msgs/share/common-lisp/ros/cisst_msgs/msg/_package_prmFixtureGainCartesianSet.lisp, /home/davincic2/catkin_ws/devel_release/share/common-lisp/ros/cisst_msgs/msg/_package_prmFixtureGainCartesianSet.lisp)
Linked: (/home/davincic2/catkin_ws/devel_release/.private/cisst_msgs/share/common-lisp/ros/cisst_msgs/msg/_package_vctDoubleVec.lisp, /home/davincic2/catkin_ws/devel_release/share/common-lisp/ros/cisst_msgs/msg/_package_vctDoubleVec.lisp)
Linked: (/home/davincic2/catkin_ws/devel_release/.private/cisst_msgs/share/common-lisp/ros/cisst_msgs/msg/_package.lisp, /home/davincic2/catkin_ws/devel_release/share/common-lisp/ros/cisst_msgs/msg/_package.lisp)
Linked: (/home/davincic2/catkin_ws/devel_release/.private/cisst_msgs/share/common-lisp/ros/cisst_msgs/msg/_package_StringStamped.lisp, /home/davincic2/catkin_ws/devel_release/share/common-lisp/ros/cisst_msgs/msg/_package_StringStamped.lisp)
Linked: (/home/davincic2/catkin_ws/devel_release/.private/cisst_msgs/share/common-lisp/ros/cisst_msgs/msg/StringStamped.lisp, /home/davincic2/catkin_ws/devel_release/share/common-lisp/ros/cisst_msgs/msg/StringStamped.lisp)
Linked: (/home/davincic2/catkin_ws/devel_release/.private/cisst_msgs/share/common-lisp/ros/cisst_msgs/msg/vctDoubleVec.lisp, /home/davincic2/catkin_ws/devel_release/share/common-lisp/ros/cisst_msgs/msg/vctDoubleVec.lisp)
Linked: (/home/davincic2/catkin_ws/devel_release/.private/cisst_msgs/share/cisst_msgs/cmake/cisst_msgs-msg-paths.cmake, /home/davincic2/catkin_ws/devel_release/share/cisst_msgs/cmake/cisst_msgs-msg-paths.cmake)
Linked: (/home/davincic2/catkin_ws/devel_release/.private/cisst_msgs/share/cisst_msgs/cmake/cisst_msgsConfig.cmake, /home/davincic2/catkin_ws/devel_release/share/cisst_msgs/cmake/cisst_msgsConfig.cmake)
Linked: (/home/davincic2/catkin_ws/devel_release/.private/cisst_msgs/share/cisst_msgs/cmake/cisst_msgsConfig-version.cmake, /home/davincic2/catkin_ws/devel_release/share/cisst_msgs/cmake/cisst_msgsConfig-version.cmake)
Linked: (/home/davincic2/catkin_ws/devel_release/.private/cisst_msgs/share/cisst_msgs/cmake/cisst_msgs-msg-extras.cmake, /home/davincic2/catkin_ws/devel_release/share/cisst_msgs/cmake/cisst_msgs-msg-extras.cmake)
Linked: (/home/davincic2/catkin_ws/devel_release/.private/cisst_msgs/include/cisst_msgs/StringStamped.h, /home/davincic2/catkin_ws/devel_release/include/cisst_msgs/StringStamped.h)
Linked: (/home/davincic2/catkin_ws/devel_release/.private/cisst_msgs/include/cisst_msgs/vctDoubleVec.h, /home/davincic2/catkin_ws/devel_release/include/cisst_msgs/vctDoubleVec.h)
Linked: (/home/davincic2/catkin_ws/devel_release/.private/cisst_msgs/include/cisst_msgs/BoolStamped.h, /home/davincic2/catkin_ws/devel_release/include/cisst_msgs/BoolStamped.h)
Linked: (/home/davincic2/catkin_ws/devel_release/.private/cisst_msgs/include/cisst_msgs/prmFixtureGainCartesianSet.h, /home/davincic2/catkin_ws/devel_release/include/cisst_msgs/prmFixtureGainCartesianSet.h)
Linked: (/home/davincic2/catkin_ws/devel_release/.private/cisst_msgs/lib/pkgconfig/cisst_msgs.pc, /home/davincic2/catkin_ws/devel_release/lib/pkgconfig/cisst_msgs.pc)
Linked: (/home/davincic2/catkin_ws/devel_release/.private/cisst_msgs/lib/python2.7/dist-packages/cisst_msgs/__init__.py, /home/davincic2/catkin_ws/devel_release/lib/python2.7/dist-packages/cisst_msgs/__init__.py)
Linked: (/home/davincic2/catkin_ws/devel_release/.private/cisst_msgs/lib/python2.7/dist-packages/cisst_msgs/msg/_prmFixtureGainCartesianSet.py, /home/davincic2/catkin_ws/devel_release/lib/python2.7/dist-packages/cisst_msgs/msg/_prmFixtureGainCartesianSet.py)
Linked: (/home/davincic2/catkin_ws/devel_release/.private/cisst_msgs/lib/python2.7/dist-packages/cisst_msgs/msg/_StringStamped.py, /home/davincic2/catkin_ws/devel_release/lib/python2.7/dist-packages/cisst_msgs/msg/_StringStamped.py)
Linked: (/home/davincic2/catkin_ws/devel_release/.private/cisst_msgs/lib/python2.7/dist-packages/cisst_msgs/msg/_vctDoubleVec.py, /home/davincic2/catkin_ws/devel_release/lib/python2.7/dist-packages/cisst_msgs/msg/_vctDoubleVec.py)
Linked: (/home/davincic2/catkin_ws/devel_release/.private/cisst_msgs/lib/python2.7/dist-packages/cisst_msgs/msg/_BoolStamped.py, /home/davincic2/catkin_ws/devel_release/lib/python2.7/dist-packages/cisst_msgs/msg/_BoolStamped.py)
Linked: (/home/davincic2/catkin_ws/devel_release/.private/cisst_msgs/lib/python2.7/dist-packages/cisst_msgs/msg/__init__.py, /home/davincic2/catkin_ws/devel_release/lib/python2.7/dist-packages/cisst_msgs/msg/__init__.py)
