[  2%] [  5%] [34m[1mcisstDataGenerator for mtsVFDataRCM
[0m[34m[1mcisstDataGenerator for mtsVFDataBase
[0mcisstDataGenerator: generating /home/davincic2/catkin_ws/build_debug/saw_constraint_controller/include/sawConstraintController/mtsVFDataRCM.h and /home/davincic2/catkin_ws/build_debug/saw_constraint_controller/mtsVFDataRCM_cdg.cpp from /home/davincic2/catkin_ws/src/cisst-saw/sawConstraintController/components/code/mtsVFDataRCM.cdg
cisstDataGenerator: generating /home/davincic2/catkin_ws/build_debug/saw_constraint_controller/include/sawConstraintController/mtsVFDataBase.h and /home/davincic2/catkin_ws/build_debug/saw_constraint_controller/mtsVFDataBase_cdg.cpp from /home/davincic2/catkin_ws/src/cisst-saw/sawConstraintController/components/code/mtsVFDataBase.cdg
cisstDataGenerator: parse succeeded
cisstDataGenerator: generating header file "/home/davincic2/catkin_ws/build_debug/saw_constraint_controller/include/sawConstraintController/mtsVFDataRCM.h"
cisstDataGenerator: generating code file "/home/davincic2/catkin_ws/build_debug/saw_constraint_controller/mtsVFDataRCM_cdg.cpp"
cisstDataGenerator: parse succeeded
cisstDataGenerator: generating header file "/home/davincic2/catkin_ws/build_debug/saw_constraint_controller/include/sawConstraintController/mtsVFDataBase.h"
cisstDataGenerator: generating code file "/home/davincic2/catkin_ws/build_debug/saw_constraint_controller/mtsVFDataBase_cdg.cpp"
[  7%] [ 10%] [34m[1mcisstDataGenerator for mtsVFDataSensorCompliance
[0m[34m[1mcisstDataGenerator for prmKinematicsOffsetState
[0mcisstDataGenerator: generating /home/davincic2/catkin_ws/build_debug/saw_constraint_controller/include/sawConstraintController/mtsVFDataSensorCompliance.h and /home/davincic2/catkin_ws/build_debug/saw_constraint_controller/mtsVFDataSensorCompliance_cdg.cpp from /home/davincic2/catkin_ws/src/cisst-saw/sawConstraintController/components/code/mtsVFDataSensorCompliance.cdg
cisstDataGenerator: parse succeeded
cisstDataGenerator: generating header file "/home/davincic2/catkin_ws/build_debug/saw_constraint_controller/include/sawConstraintController/mtsVFDataSensorCompliance.h"
cisstDataGenerator: generating code file "/home/davincic2/catkin_ws/build_debug/saw_constraint_controller/mtsVFDataSensorCompliance_cdg.cpp"
cisstDataGenerator: generating /home/davincic2/catkin_ws/build_debug/saw_constraint_controller/include/sawConstraintController/prmKinematicsOffsetState.h and /home/davincic2/catkin_ws/build_debug/saw_constraint_controller/prmKinematicsOffsetState_cdg.cpp from /home/davincic2/catkin_ws/src/cisst-saw/sawConstraintController/components/code/prmKinematicsOffsetState.cdg
cisstDataGenerator: parse succeeded
cisstDataGenerator: generating header file "/home/davincic2/catkin_ws/build_debug/saw_constraint_controller/include/sawConstraintController/prmKinematicsOffsetState.h"
cisstDataGenerator: generating code file "/home/davincic2/catkin_ws/build_debug/saw_constraint_controller/prmKinematicsOffsetState_cdg.cpp"
[ 15%] [ 15%] [34m[1mcisstDataGenerator for prmKinematicsState
[0mcisstDataGenerator: generating /home/davincic2/catkin_ws/build_debug/saw_constraint_controller/include/sawConstraintController/prmKinematicsState.h and /home/davincic2/catkin_ws/build_debug/saw_constraint_controller/prmKinematicsState_cdg.cpp from /home/davincic2/catkin_ws/src/cisst-saw/sawConstraintController/components/code/prmKinematicsState.cdg
cisstDataGenerator: parse succeeded
cisstDataGenerator: generating header file "/home/davincic2/catkin_ws/build_debug/saw_constraint_controller/include/sawConstraintController/prmKinematicsState.h"
cisstDataGenerator: generating code file "/home/davincic2/catkin_ws/build_debug/saw_constraint_controller/prmKinematicsState_cdg.cpp"
[34m[1mcisstDataGenerator for prmForceOffsetState
[0mcisstDataGenerator: generating /home/davincic2/catkin_ws/build_debug/saw_constraint_controller/include/sawConstraintController/prmForceOffsetState.h and /home/davincic2/catkin_ws/build_debug/saw_constraint_controller/prmForceOffsetState_cdg.cpp from /home/davincic2/catkin_ws/src/cisst-saw/sawConstraintController/components/code/prmForceOffsetState.cdg
cisstDataGenerator: parse succeeded
cisstDataGenerator: generating header file "/home/davincic2/catkin_ws/build_debug/saw_constraint_controller/include/sawConstraintController/prmForceOffsetState.h"
cisstDataGenerator: generating code file "/home/davincic2/catkin_ws/build_debug/saw_constraint_controller/prmForceOffsetState_cdg.cpp"
[ 18%] [ 21%] [34m[1mcisstDataGenerator for prmOffsetState
[0mcisstDataGenerator: generating /home/davincic2/catkin_ws/build_debug/saw_constraint_controller/include/sawConstraintController/prmOffsetState.h and /home/davincic2/catkin_ws/build_debug/saw_constraint_controller/prmOffsetState_cdg.cpp from /home/davincic2/catkin_ws/src/cisst-saw/sawConstraintController/components/code/prmOffsetState.cdg
cisstDataGenerator: parse succeeded
cisstDataGenerator: generating header file "/home/davincic2/catkin_ws/build_debug/saw_constraint_controller/include/sawConstraintController/prmOffsetState.h"
[34m[1mcisstDataGenerator for prmSensorState
[0mcisstDataGenerator: generating code file "/home/davincic2/catkin_ws/build_debug/saw_constraint_controller/prmOffsetState_cdg.cpp"
cisstDataGenerator: generating /home/davincic2/catkin_ws/build_debug/saw_constraint_controller/include/sawConstraintController/prmSensorState.h and /home/davincic2/catkin_ws/build_debug/saw_constraint_controller/prmSensorState_cdg.cpp from /home/davincic2/catkin_ws/src/cisst-saw/sawConstraintController/components/code/prmSensorState.cdg
cisstDataGenerator: parse succeeded
cisstDataGenerator: generating header file "/home/davincic2/catkin_ws/build_debug/saw_constraint_controller/include/sawConstraintController/prmSensorState.h"
cisstDataGenerator: generating code file "/home/davincic2/catkin_ws/build_debug/saw_constraint_controller/prmSensorState_cdg.cpp"
[ 23%] [ 26%] [34m[1mcisstDataGenerator for mtsVFDataCartesianTranslation
[0m[34m[1mcisstDataGenerator for prmJointState
[0mcisstDataGenerator: generating /home/davincic2/catkin_ws/build_debug/saw_constraint_controller/include/sawConstraintController/mtsVFDataCartesianTranslation.h and /home/davincic2/catkin_ws/build_debug/saw_constraint_controller/mtsVFDataCartesianTranslation_cdg.cpp from /home/davincic2/catkin_ws/src/cisst-saw/sawConstraintController/components/code/mtsVFDataCartesianTranslation.cdg
cisstDataGenerator: parse succeeded
cisstDataGenerator: generating header file "/home/davincic2/catkin_ws/build_debug/saw_constraint_controller/include/sawConstraintController/mtsVFDataCartesianTranslation.h"
cisstDataGenerator: generating code file "/home/davincic2/catkin_ws/build_debug/saw_constraint_controller/mtsVFDataCartesianTranslation_cdg.cpp"
cisstDataGenerator: generating /home/davincic2/catkin_ws/build_debug/saw_constraint_controller/include/sawConstraintController/prmJointState.h and /home/davincic2/catkin_ws/build_debug/saw_constraint_controller/prmJointState_cdg.cpp from /home/davincic2/catkin_ws/src/cisst-saw/sawConstraintController/components/code/prmJointState.cdg
cisstDataGenerator: parse succeeded
cisstDataGenerator: generating header file "/home/davincic2/catkin_ws/build_debug/saw_constraint_controller/include/sawConstraintController/prmJointState.h"
cisstDataGenerator: generating code file "/home/davincic2/catkin_ws/build_debug/saw_constraint_controller/prmJointState_cdg.cpp"
[ 28%] [ 31%] [34m[1mcisstDataGenerator for mtsVFDataJointLimits
[0m[34m[1mcisstDataGenerator for mtsVFDataPlane
[0mcisstDataGenerator: generating /home/davincic2/catkin_ws/build_debug/saw_constraint_controller/include/sawConstraintController/mtsVFDataJointLimits.h and /home/davincic2/catkin_ws/build_debug/saw_constraint_controller/mtsVFDataJointLimits_cdg.cpp from /home/davincic2/catkin_ws/src/cisst-saw/sawConstraintController/components/code/mtsVFDataJointLimits.cdg
cisstDataGenerator: generating /home/davincic2/catkin_ws/build_debug/saw_constraint_controller/include/sawConstraintController/mtsVFDataPlane.h and /home/davincic2/catkin_ws/build_debug/saw_constraint_controller/mtsVFDataPlane_cdg.cpp from /home/davincic2/catkin_ws/src/cisst-saw/sawConstraintController/components/code/mtsVFDataPlane.cdg
cisstDataGenerator: parse succeeded
cisstDataGenerator: generating header file "/home/davincic2/catkin_ws/build_debug/saw_constraint_controller/include/sawConstraintController/mtsVFDataJointLimits.h"
cisstDataGenerator: generating code file "/home/davincic2/catkin_ws/build_debug/saw_constraint_controller/mtsVFDataJointLimits_cdg.cpp"
cisstDataGenerator: parse succeeded
cisstDataGenerator: generating header file "/home/davincic2/catkin_ws/build_debug/saw_constraint_controller/include/sawConstraintController/mtsVFDataPlane.h"
cisstDataGenerator: generating code file "/home/davincic2/catkin_ws/build_debug/saw_constraint_controller/mtsVFDataPlane_cdg.cpp"
[ 34%] [34m[1mcisstDataGenerator for mtsVFDataAbsoluteJointLimits
[0mcisstDataGenerator: generating /home/davincic2/catkin_ws/build_debug/saw_constraint_controller/include/sawConstraintController/mtsVFDataAbsoluteJointLimits.h and /home/davincic2/catkin_ws/build_debug/saw_constraint_controller/mtsVFDataAbsoluteJointLimits_cdg.cpp from /home/davincic2/catkin_ws/src/cisst-saw/sawConstraintController/components/code/mtsVFDataAbsoluteJointLimits.cdg
cisstDataGenerator: parse succeeded
cisstDataGenerator: generating header file "/home/davincic2/catkin_ws/build_debug/saw_constraint_controller/include/sawConstraintController/mtsVFDataAbsoluteJointLimits.h"
cisstDataGenerator: generating code file "/home/davincic2/catkin_ws/build_debug/saw_constraint_controller/mtsVFDataAbsoluteJointLimits_cdg.cpp"
[35m[1mScanning dependencies of target sawConstraintController
[0m[ 36%] [ 39%] [32mBuilding CXX object CMakeFiles/sawConstraintController.dir/code/mtsVFJointVel.cpp.o
[0m[32mBuilding CXX object CMakeFiles/sawConstraintController.dir/code/mtsVFBase.cpp.o
[0m[ 42%] [32mBuilding CXX object CMakeFiles/sawConstraintController.dir/code/mtsVFJointPos.cpp.o
[0m[ 44%] [32mBuilding CXX object CMakeFiles/sawConstraintController.dir/code/mtsVFCartVel.cpp.o
[0m[ 47%] [32mBuilding CXX object CMakeFiles/sawConstraintController.dir/code/mtsVFCartOrientationVel.cpp.o
[0m[ 50%] [32mBuilding CXX object CMakeFiles/sawConstraintController.dir/code/mtsVFSensorCompliance.cpp.o
/home/davincic2/catkin_ws/src/cisst-saw/sawConstraintController/components/code/mtsVFSensorCompliance.cpp:26:6: warning: unused parameter ‘mode’ [-Wunused-parameter]
 void mtsVFSensorCompliance::FillInTableauRefs(const CONTROLLERMODE mode, const double TickTime)
      ^
/home/davincic2/catkin_ws/src/cisst-saw/sawConstraintController/components/code/mtsVFSensorCompliance.cpp:26:6: warning: unused parameter ‘TickTime’ [-Wunused-parameter]
[0m[ 52%] [32mBuilding CXX object CMakeFiles/sawConstraintController.dir/code/mtsVFController.cpp.o
[0m[ 55%] [32mBuilding CXX object CMakeFiles/sawConstraintController.dir/code/mtsVFPlane.cpp.o
/home/davincic2/catkin_ws/src/cisst-saw/sawConstraintController/components/code/mtsVFController.cpp:76:6: warning: unused parameter ‘RCMPoint’ [-Wunused-parameter]
 void mtsVFController::UpdateRCMVF(const size_t rows, const std::string vfName, const std::string curKinName, const vct3 & RCMPoint, const vctDoubleMat & JacClosest, const vctFrm3 & TipFrame)
      ^
/home/davincic2/catkin_ws/src/cisst-saw/sawConstraintController/components/code/mtsVFPlane.cpp: In member function ‘virtual void mtsVFPlane::FillInTableauRefs(mtsVFBase::CONTROLLERMODE, double)’:
/home/davincic2/catkin_ws/src/cisst-saw/sawConstraintController/components/code/mtsVFPlane.cpp:82:42: warning: comparison between signed and unsigned integer expressions [-Wsign-compare]
     for (int i = 0; i < Jacobian3x6.rows(); ++i)
                                          ^
/home/davincic2/catkin_ws/src/cisst-saw/sawConstraintController/components/code/mtsVFPlane.cpp:83:46: warning: comparison between signed and unsigned integer expressions [-Wsign-compare]
         for (int j = 0; j < Jacobian3x6.cols(); ++j)
                                              ^
/home/davincic2/catkin_ws/src/cisst-saw/sawConstraintController/components/code/mtsVFPlane.cpp: At global scope:
/home/davincic2/catkin_ws/src/cisst-saw/sawConstraintController/components/code/mtsVFPlane.cpp:26:6: warning: unused parameter ‘mode’ [-Wunused-parameter]
 void mtsVFPlane::FillInTableauRefs(const CONTROLLERMODE mode, const double TickTime)
      ^
/home/davincic2/catkin_ws/src/cisst-saw/sawConstraintController/components/code/mtsVFPlane.cpp:26:6: warning: unused parameter ‘TickTime’ [-Wunused-parameter]
/home/davincic2/catkin_ws/src/cisst-saw/sawConstraintController/components/code/mtsVFController.cpp: In member function ‘bool mtsVFController::ActivateVF(const string&)’:
/home/davincic2/catkin_ws/src/cisst-saw/sawConstraintController/components/code/mtsVFController.cpp:391:1: warning: control reaches end of non-void function [-Wreturn-type]
 }
 ^
[0m[ 57%] [32mBuilding CXX object CMakeFiles/sawConstraintController.dir/code/mtsVFJointLimits.cpp.o
[0m[ 60%] [32mBuilding CXX object CMakeFiles/sawConstraintController.dir/code/mtsVFAbsoluteJointLimits.cpp.o
/home/davincic2/catkin_ws/src/cisst-saw/sawConstraintController/components/code/mtsVFAbsoluteJointLimits.cpp:26:6: warning: unused parameter ‘mode’ [-Wunused-parameter]
 void mtsVFAbsoluteJointLimits::FillInTableauRefs(const CONTROLLERMODE mode, const double TickTime)
      ^
/home/davincic2/catkin_ws/src/cisst-saw/sawConstraintController/components/code/mtsVFAbsoluteJointLimits.cpp:26:6: warning: unused parameter ‘TickTime’ [-Wunused-parameter]
[0m[ 63%] [32mBuilding CXX object CMakeFiles/sawConstraintController.dir/code/mtsVFFollow.cpp.o
[0m[ 65%] [32mBuilding CXX object CMakeFiles/sawConstraintController.dir/code/mtsVF_RCM.cpp.o
/home/davincic2/catkin_ws/src/cisst-saw/sawConstraintController/components/code/mtsVF_RCM.cpp:5:6: warning: unused parameter ‘mode’ [-Wunused-parameter]
 void mtsVF_RCM::FillInTableauRefs(const CONTROLLERMODE mode, const double TickTime)
      ^
/home/davincic2/catkin_ws/src/cisst-saw/sawConstraintController/components/code/mtsVF_RCM.cpp:5:6: warning: unused parameter ‘TickTime’ [-Wunused-parameter]
[0m[ 68%] [ 71%] [32mBuilding CXX object CMakeFiles/sawConstraintController.dir/mtsVFDataBase_cdg.cpp.o
[0m[32mBuilding CXX object CMakeFiles/sawConstraintController.dir/mtsVFDataSensorCompliance_cdg.cpp.o
[0m[ 73%] [32mBuilding CXX object CMakeFiles/sawConstraintController.dir/prmKinematicsOffsetState_cdg.cpp.o
[0m[ 76%] [32mBuilding CXX object CMakeFiles/sawConstraintController.dir/prmForceOffsetState_cdg.cpp.o
[0m[ 78%] [32mBuilding CXX object CMakeFiles/sawConstraintController.dir/prmKinematicsState_cdg.cpp.o
[0m[ 81%] [32mBuilding CXX object CMakeFiles/sawConstraintController.dir/prmOffsetState_cdg.cpp.o
[0m[ 84%] [32mBuilding CXX object CMakeFiles/sawConstraintController.dir/prmSensorState_cdg.cpp.o
[0m[ 86%] [32mBuilding CXX object CMakeFiles/sawConstraintController.dir/mtsVFDataCartesianTranslation_cdg.cpp.o
[0m[ 89%] [32mBuilding CXX object CMakeFiles/sawConstraintController.dir/prmJointState_cdg.cpp.o
[0m[ 92%] [32mBuilding CXX object CMakeFiles/sawConstraintController.dir/mtsVFDataPlane_cdg.cpp.o
[0m[ 94%] [32mBuilding CXX object CMakeFiles/sawConstraintController.dir/mtsVFDataJointLimits_cdg.cpp.o
[0m[ 97%] [32mBuilding CXX object CMakeFiles/sawConstraintController.dir/mtsVFDataAbsoluteJointLimits_cdg.cpp.o
[0m[100%] [32mBuilding CXX object CMakeFiles/sawConstraintController.dir/mtsVFDataRCM_cdg.cpp.o
[0m[31m[1mLinking CXX shared library lib/libsawConstraintController.so
[0m[100%] Built target sawConstraintController
