Symlinking /home/davincic2/catkin_ws/devel_debug/share/common-lisp/ros/cisst_msgs/msg/BoolStamped.lisp
Symlinking /home/davincic2/catkin_ws/devel_debug/share/common-lisp/ros/cisst_msgs/msg/_package_BoolStamped.lisp
Symlinking /home/davincic2/catkin_ws/devel_debug/share/common-lisp/ros/cisst_msgs/msg/prmFixtureGainCartesianSet.lisp
Symlinking /home/davincic2/catkin_ws/devel_debug/share/common-lisp/ros/cisst_msgs/msg/cisst_msgs-msg.asd
Symlinking /home/davincic2/catkin_ws/devel_debug/share/common-lisp/ros/cisst_msgs/msg/_package_prmFixtureGainCartesianSet.lisp
Symlinking /home/davincic2/catkin_ws/devel_debug/share/common-lisp/ros/cisst_msgs/msg/_package_vctDoubleVec.lisp
Symlinking /home/davincic2/catkin_ws/devel_debug/share/common-lisp/ros/cisst_msgs/msg/_package.lisp
Symlinking /home/davincic2/catkin_ws/devel_debug/share/common-lisp/ros/cisst_msgs/msg/_package_StringStamped.lisp
Symlinking /home/davincic2/catkin_ws/devel_debug/share/common-lisp/ros/cisst_msgs/msg/StringStamped.lisp
Symlinking /home/davincic2/catkin_ws/devel_debug/share/common-lisp/ros/cisst_msgs/msg/vctDoubleVec.lisp
Symlinking /home/davincic2/catkin_ws/devel_debug/share/cisst_msgs/cmake/cisst_msgs-msg-paths.cmake
Symlinking /home/davincic2/catkin_ws/devel_debug/share/cisst_msgs/cmake/cisst_msgsConfig.cmake
Symlinking /home/davincic2/catkin_ws/devel_debug/share/cisst_msgs/cmake/cisst_msgsConfig-version.cmake
Symlinking /home/davincic2/catkin_ws/devel_debug/share/cisst_msgs/cmake/cisst_msgs-msg-extras.cmake
Symlinking /home/davincic2/catkin_ws/devel_debug/include/cisst_msgs/StringStamped.h
Symlinking /home/davincic2/catkin_ws/devel_debug/include/cisst_msgs/vctDoubleVec.h
Symlinking /home/davincic2/catkin_ws/devel_debug/include/cisst_msgs/BoolStamped.h
Symlinking /home/davincic2/catkin_ws/devel_debug/include/cisst_msgs/prmFixtureGainCartesianSet.h
Symlinking /home/davincic2/catkin_ws/devel_debug/lib/pkgconfig/cisst_msgs.pc
Symlinking /home/davincic2/catkin_ws/devel_debug/lib/python2.7/dist-packages/cisst_msgs/__init__.py
Symlinking /home/davincic2/catkin_ws/devel_debug/lib/python2.7/dist-packages/cisst_msgs/msg/_prmFixtureGainCartesianSet.py
Symlinking /home/davincic2/catkin_ws/devel_debug/lib/python2.7/dist-packages/cisst_msgs/msg/_StringStamped.py
Symlinking /home/davincic2/catkin_ws/devel_debug/lib/python2.7/dist-packages/cisst_msgs/msg/_vctDoubleVec.py
Symlinking /home/davincic2/catkin_ws/devel_debug/lib/python2.7/dist-packages/cisst_msgs/msg/_BoolStamped.py
Symlinking /home/davincic2/catkin_ws/devel_debug/lib/python2.7/dist-packages/cisst_msgs/msg/__init__.py
