The system is: Linux - 4.4.0-51-generic - x86_64
Compiling the C compiler identification source file "CMakeCCompilerId.c" succeeded.
Compiler: /usr/bin/cc 
Build flags: 
Id flags: 

The output was:
0


Compilation of the C compiler identification source "CMakeCCompilerId.c" produced "a.out"

The C compiler identification is GNU, found in "/home/davincic2/catkin_ws/build_release/cisst/CMakeFiles/2.8.12.2/CompilerIdC/a.out"

Compiling the CXX compiler identification source file "CMakeCXXCompilerId.cpp" succeeded.
Compiler: /usr/bin/c++ 
Build flags: 
Id flags: 

The output was:
0


Compilation of the CXX compiler identification source "CMakeCXXCompilerId.cpp" produced "a.out"

The CXX compiler identification is GNU, found in "/home/davincic2/catkin_ws/build_release/cisst/CMakeFiles/2.8.12.2/CompilerIdCXX/a.out"

Determining if the C compiler works passed with the following output:
Change Dir: /home/davincic2/catkin_ws/build_release/cisst/CMakeFiles/CMakeTmp

Run Build Command:/usr/bin/make "cmTryCompileExec2184369637/fast"
/usr/bin/make -f CMakeFiles/cmTryCompileExec2184369637.dir/build.make CMakeFiles/cmTryCompileExec2184369637.dir/build
make[1]: Entering directory `/home/davincic2/catkin_ws/build_release/cisst/CMakeFiles/CMakeTmp'
/usr/bin/cmake -E cmake_progress_report /home/davincic2/catkin_ws/build_release/cisst/CMakeFiles/CMakeTmp/CMakeFiles 1
Building C object CMakeFiles/cmTryCompileExec2184369637.dir/testCCompiler.c.o
/usr/bin/cc    -o CMakeFiles/cmTryCompileExec2184369637.dir/testCCompiler.c.o   -c /home/davincic2/catkin_ws/build_release/cisst/CMakeFiles/CMakeTmp/testCCompiler.c
Linking C executable cmTryCompileExec2184369637
/usr/bin/cmake -E cmake_link_script CMakeFiles/cmTryCompileExec2184369637.dir/link.txt --verbose=1
/usr/bin/cc       CMakeFiles/cmTryCompileExec2184369637.dir/testCCompiler.c.o  -o cmTryCompileExec2184369637 -rdynamic 
make[1]: Leaving directory `/home/davincic2/catkin_ws/build_release/cisst/CMakeFiles/CMakeTmp'


Detecting C compiler ABI info compiled with the following output:
Change Dir: /home/davincic2/catkin_ws/build_release/cisst/CMakeFiles/CMakeTmp

Run Build Command:/usr/bin/make "cmTryCompileExec538222768/fast"
/usr/bin/make -f CMakeFiles/cmTryCompileExec538222768.dir/build.make CMakeFiles/cmTryCompileExec538222768.dir/build
make[1]: Entering directory `/home/davincic2/catkin_ws/build_release/cisst/CMakeFiles/CMakeTmp'
/usr/bin/cmake -E cmake_progress_report /home/davincic2/catkin_ws/build_release/cisst/CMakeFiles/CMakeTmp/CMakeFiles 1
Building C object CMakeFiles/cmTryCompileExec538222768.dir/CMakeCCompilerABI.c.o
/usr/bin/cc    -o CMakeFiles/cmTryCompileExec538222768.dir/CMakeCCompilerABI.c.o   -c /usr/share/cmake-2.8/Modules/CMakeCCompilerABI.c
Linking C executable cmTryCompileExec538222768
/usr/bin/cmake -E cmake_link_script CMakeFiles/cmTryCompileExec538222768.dir/link.txt --verbose=1
/usr/bin/cc     -v CMakeFiles/cmTryCompileExec538222768.dir/CMakeCCompilerABI.c.o  -o cmTryCompileExec538222768 -rdynamic  
Using built-in specs.
COLLECT_GCC=/usr/bin/cc
COLLECT_LTO_WRAPPER=/usr/lib/gcc/x86_64-linux-gnu/4.8/lto-wrapper
Target: x86_64-linux-gnu
Configured with: ../src/configure -v --with-pkgversion='Ubuntu 4.8.4-2ubuntu1~14.04.3' --with-bugurl=file:///usr/share/doc/gcc-4.8/README.Bugs --enable-languages=c,c++,java,go,d,fortran,objc,obj-c++ --prefix=/usr --program-suffix=-4.8 --enable-shared --enable-linker-build-id --libexecdir=/usr/lib --without-included-gettext --enable-threads=posix --with-gxx-include-dir=/usr/include/c++/4.8 --libdir=/usr/lib --enable-nls --with-sysroot=/ --enable-clocale=gnu --enable-libstdcxx-debug --enable-libstdcxx-time=yes --enable-gnu-unique-object --disable-libmudflap --enable-plugin --with-system-zlib --disable-browser-plugin --enable-java-awt=gtk --enable-gtk-cairo --with-java-home=/usr/lib/jvm/java-1.5.0-gcj-4.8-amd64/jre --enable-java-home --with-jvm-root-dir=/usr/lib/jvm/java-1.5.0-gcj-4.8-amd64 --with-jvm-jar-dir=/usr/lib/jvm-exports/java-1.5.0-gcj-4.8-amd64 --with-arch-directory=amd64 --with-ecj-jar=/usr/share/java/eclipse-ecj.jar --enable-objc-gc --enable-multiarch --disable-werror --with-arch-32=i686 --with-abi=m64 --with-multilib-list=m32,m64,mx32 --with-tune=generic --enable-checking=release --build=x86_64-linux-gnu --host=x86_64-linux-gnu --target=x86_64-linux-gnu
Thread model: posix
gcc version 4.8.4 (Ubuntu 4.8.4-2ubuntu1~14.04.3) 
COMPILER_PATH=/usr/lib/gcc/x86_64-linux-gnu/4.8/:/usr/lib/gcc/x86_64-linux-gnu/4.8/:/usr/lib/gcc/x86_64-linux-gnu/:/usr/lib/gcc/x86_64-linux-gnu/4.8/:/usr/lib/gcc/x86_64-linux-gnu/
LIBRARY_PATH=/usr/lib/gcc/x86_64-linux-gnu/4.8/:/usr/lib/gcc/x86_64-linux-gnu/4.8/../../../x86_64-linux-gnu/:/usr/lib/gcc/x86_64-linux-gnu/4.8/../../../../lib/:/lib/x86_64-linux-gnu/:/lib/../lib/:/usr/lib/x86_64-linux-gnu/:/usr/lib/../lib/:/usr/lib/gcc/x86_64-linux-gnu/4.8/../../../:/lib/:/usr/lib/
COLLECT_GCC_OPTIONS='-v' '-o' 'cmTryCompileExec538222768' '-rdynamic' '-mtune=generic' '-march=x86-64'
 /usr/lib/gcc/x86_64-linux-gnu/4.8/collect2 --sysroot=/ --build-id --eh-frame-hdr -m elf_x86_64 --hash-style=gnu --as-needed -export-dynamic -dynamic-linker /lib64/ld-linux-x86-64.so.2 -z relro -o cmTryCompileExec538222768 /usr/lib/gcc/x86_64-linux-gnu/4.8/../../../x86_64-linux-gnu/crt1.o /usr/lib/gcc/x86_64-linux-gnu/4.8/../../../x86_64-linux-gnu/crti.o /usr/lib/gcc/x86_64-linux-gnu/4.8/crtbegin.o -L/usr/lib/gcc/x86_64-linux-gnu/4.8 -L/usr/lib/gcc/x86_64-linux-gnu/4.8/../../../x86_64-linux-gnu -L/usr/lib/gcc/x86_64-linux-gnu/4.8/../../../../lib -L/lib/x86_64-linux-gnu -L/lib/../lib -L/usr/lib/x86_64-linux-gnu -L/usr/lib/../lib -L/usr/lib/gcc/x86_64-linux-gnu/4.8/../../.. CMakeFiles/cmTryCompileExec538222768.dir/CMakeCCompilerABI.c.o -lgcc --as-needed -lgcc_s --no-as-needed -lc -lgcc --as-needed -lgcc_s --no-as-needed /usr/lib/gcc/x86_64-linux-gnu/4.8/crtend.o /usr/lib/gcc/x86_64-linux-gnu/4.8/../../../x86_64-linux-gnu/crtn.o
make[1]: Leaving directory `/home/davincic2/catkin_ws/build_release/cisst/CMakeFiles/CMakeTmp'


Parsed C implicit link information from above output:
  link line regex: [^( *|.*[/\])(ld|([^/\]+-)?ld|collect2)[^/\]*( |$)]
  ignore line: [Change Dir: /home/davincic2/catkin_ws/build_release/cisst/CMakeFiles/CMakeTmp]
  ignore line: []
  ignore line: [Run Build Command:/usr/bin/make "cmTryCompileExec538222768/fast"]
  ignore line: [/usr/bin/make -f CMakeFiles/cmTryCompileExec538222768.dir/build.make CMakeFiles/cmTryCompileExec538222768.dir/build]
  ignore line: [make[1]: Entering directory `/home/davincic2/catkin_ws/build_release/cisst/CMakeFiles/CMakeTmp']
  ignore line: [/usr/bin/cmake -E cmake_progress_report /home/davincic2/catkin_ws/build_release/cisst/CMakeFiles/CMakeTmp/CMakeFiles 1]
  ignore line: [Building C object CMakeFiles/cmTryCompileExec538222768.dir/CMakeCCompilerABI.c.o]
  ignore line: [/usr/bin/cc    -o CMakeFiles/cmTryCompileExec538222768.dir/CMakeCCompilerABI.c.o   -c /usr/share/cmake-2.8/Modules/CMakeCCompilerABI.c]
  ignore line: [Linking C executable cmTryCompileExec538222768]
  ignore line: [/usr/bin/cmake -E cmake_link_script CMakeFiles/cmTryCompileExec538222768.dir/link.txt --verbose=1]
  ignore line: [/usr/bin/cc     -v CMakeFiles/cmTryCompileExec538222768.dir/CMakeCCompilerABI.c.o  -o cmTryCompileExec538222768 -rdynamic  ]
  ignore line: [Using built-in specs.]
  ignore line: [COLLECT_GCC=/usr/bin/cc]
  ignore line: [COLLECT_LTO_WRAPPER=/usr/lib/gcc/x86_64-linux-gnu/4.8/lto-wrapper]
  ignore line: [Target: x86_64-linux-gnu]
  ignore line: [Configured with: ../src/configure -v --with-pkgversion='Ubuntu 4.8.4-2ubuntu1~14.04.3' --with-bugurl=file:///usr/share/doc/gcc-4.8/README.Bugs --enable-languages=c,c++,java,go,d,fortran,objc,obj-c++ --prefix=/usr --program-suffix=-4.8 --enable-shared --enable-linker-build-id --libexecdir=/usr/lib --without-included-gettext --enable-threads=posix --with-gxx-include-dir=/usr/include/c++/4.8 --libdir=/usr/lib --enable-nls --with-sysroot=/ --enable-clocale=gnu --enable-libstdcxx-debug --enable-libstdcxx-time=yes --enable-gnu-unique-object --disable-libmudflap --enable-plugin --with-system-zlib --disable-browser-plugin --enable-java-awt=gtk --enable-gtk-cairo --with-java-home=/usr/lib/jvm/java-1.5.0-gcj-4.8-amd64/jre --enable-java-home --with-jvm-root-dir=/usr/lib/jvm/java-1.5.0-gcj-4.8-amd64 --with-jvm-jar-dir=/usr/lib/jvm-exports/java-1.5.0-gcj-4.8-amd64 --with-arch-directory=amd64 --with-ecj-jar=/usr/share/java/eclipse-ecj.jar --enable-objc-gc --enable-multiarch --disable-werror --with-arch-32=i686 --with-abi=m64 --with-multilib-list=m32,m64,mx32 --with-tune=generic --enable-checking=release --build=x86_64-linux-gnu --host=x86_64-linux-gnu --target=x86_64-linux-gnu]
  ignore line: [Thread model: posix]
  ignore line: [gcc version 4.8.4 (Ubuntu 4.8.4-2ubuntu1~14.04.3) ]
  ignore line: [COMPILER_PATH=/usr/lib/gcc/x86_64-linux-gnu/4.8/:/usr/lib/gcc/x86_64-linux-gnu/4.8/:/usr/lib/gcc/x86_64-linux-gnu/:/usr/lib/gcc/x86_64-linux-gnu/4.8/:/usr/lib/gcc/x86_64-linux-gnu/]
  ignore line: [LIBRARY_PATH=/usr/lib/gcc/x86_64-linux-gnu/4.8/:/usr/lib/gcc/x86_64-linux-gnu/4.8/../../../x86_64-linux-gnu/:/usr/lib/gcc/x86_64-linux-gnu/4.8/../../../../lib/:/lib/x86_64-linux-gnu/:/lib/../lib/:/usr/lib/x86_64-linux-gnu/:/usr/lib/../lib/:/usr/lib/gcc/x86_64-linux-gnu/4.8/../../../:/lib/:/usr/lib/]
  ignore line: [COLLECT_GCC_OPTIONS='-v' '-o' 'cmTryCompileExec538222768' '-rdynamic' '-mtune=generic' '-march=x86-64']
  link line: [ /usr/lib/gcc/x86_64-linux-gnu/4.8/collect2 --sysroot=/ --build-id --eh-frame-hdr -m elf_x86_64 --hash-style=gnu --as-needed -export-dynamic -dynamic-linker /lib64/ld-linux-x86-64.so.2 -z relro -o cmTryCompileExec538222768 /usr/lib/gcc/x86_64-linux-gnu/4.8/../../../x86_64-linux-gnu/crt1.o /usr/lib/gcc/x86_64-linux-gnu/4.8/../../../x86_64-linux-gnu/crti.o /usr/lib/gcc/x86_64-linux-gnu/4.8/crtbegin.o -L/usr/lib/gcc/x86_64-linux-gnu/4.8 -L/usr/lib/gcc/x86_64-linux-gnu/4.8/../../../x86_64-linux-gnu -L/usr/lib/gcc/x86_64-linux-gnu/4.8/../../../../lib -L/lib/x86_64-linux-gnu -L/lib/../lib -L/usr/lib/x86_64-linux-gnu -L/usr/lib/../lib -L/usr/lib/gcc/x86_64-linux-gnu/4.8/../../.. CMakeFiles/cmTryCompileExec538222768.dir/CMakeCCompilerABI.c.o -lgcc --as-needed -lgcc_s --no-as-needed -lc -lgcc --as-needed -lgcc_s --no-as-needed /usr/lib/gcc/x86_64-linux-gnu/4.8/crtend.o /usr/lib/gcc/x86_64-linux-gnu/4.8/../../../x86_64-linux-gnu/crtn.o]
    arg [/usr/lib/gcc/x86_64-linux-gnu/4.8/collect2] ==> ignore
    arg [--sysroot=/] ==> ignore
    arg [--build-id] ==> ignore
    arg [--eh-frame-hdr] ==> ignore
    arg [-m] ==> ignore
    arg [elf_x86_64] ==> ignore
    arg [--hash-style=gnu] ==> ignore
    arg [--as-needed] ==> ignore
    arg [-export-dynamic] ==> ignore
    arg [-dynamic-linker] ==> ignore
    arg [/lib64/ld-linux-x86-64.so.2] ==> ignore
    arg [-zrelro] ==> ignore
    arg [-o] ==> ignore
    arg [cmTryCompileExec538222768] ==> ignore
    arg [/usr/lib/gcc/x86_64-linux-gnu/4.8/../../../x86_64-linux-gnu/crt1.o] ==> ignore
    arg [/usr/lib/gcc/x86_64-linux-gnu/4.8/../../../x86_64-linux-gnu/crti.o] ==> ignore
    arg [/usr/lib/gcc/x86_64-linux-gnu/4.8/crtbegin.o] ==> ignore
    arg [-L/usr/lib/gcc/x86_64-linux-gnu/4.8] ==> dir [/usr/lib/gcc/x86_64-linux-gnu/4.8]
    arg [-L/usr/lib/gcc/x86_64-linux-gnu/4.8/../../../x86_64-linux-gnu] ==> dir [/usr/lib/gcc/x86_64-linux-gnu/4.8/../../../x86_64-linux-gnu]
    arg [-L/usr/lib/gcc/x86_64-linux-gnu/4.8/../../../../lib] ==> dir [/usr/lib/gcc/x86_64-linux-gnu/4.8/../../../../lib]
    arg [-L/lib/x86_64-linux-gnu] ==> dir [/lib/x86_64-linux-gnu]
    arg [-L/lib/../lib] ==> dir [/lib/../lib]
    arg [-L/usr/lib/x86_64-linux-gnu] ==> dir [/usr/lib/x86_64-linux-gnu]
    arg [-L/usr/lib/../lib] ==> dir [/usr/lib/../lib]
    arg [-L/usr/lib/gcc/x86_64-linux-gnu/4.8/../../..] ==> dir [/usr/lib/gcc/x86_64-linux-gnu/4.8/../../..]
    arg [CMakeFiles/cmTryCompileExec538222768.dir/CMakeCCompilerABI.c.o] ==> ignore
    arg [-lgcc] ==> lib [gcc]
    arg [--as-needed] ==> ignore
    arg [-lgcc_s] ==> lib [gcc_s]
    arg [--no-as-needed] ==> ignore
    arg [-lc] ==> lib [c]
    arg [-lgcc] ==> lib [gcc]
    arg [--as-needed] ==> ignore
    arg [-lgcc_s] ==> lib [gcc_s]
    arg [--no-as-needed] ==> ignore
    arg [/usr/lib/gcc/x86_64-linux-gnu/4.8/crtend.o] ==> ignore
    arg [/usr/lib/gcc/x86_64-linux-gnu/4.8/../../../x86_64-linux-gnu/crtn.o] ==> ignore
  remove lib [gcc]
  remove lib [gcc_s]
  remove lib [gcc]
  remove lib [gcc_s]
  collapse library dir [/usr/lib/gcc/x86_64-linux-gnu/4.8] ==> [/usr/lib/gcc/x86_64-linux-gnu/4.8]
  collapse library dir [/usr/lib/gcc/x86_64-linux-gnu/4.8/../../../x86_64-linux-gnu] ==> [/usr/lib/x86_64-linux-gnu]
  collapse library dir [/usr/lib/gcc/x86_64-linux-gnu/4.8/../../../../lib] ==> [/usr/lib]
  collapse library dir [/lib/x86_64-linux-gnu] ==> [/lib/x86_64-linux-gnu]
  collapse library dir [/lib/../lib] ==> [/lib]
  collapse library dir [/usr/lib/x86_64-linux-gnu] ==> [/usr/lib/x86_64-linux-gnu]
  collapse library dir [/usr/lib/../lib] ==> [/usr/lib]
  collapse library dir [/usr/lib/gcc/x86_64-linux-gnu/4.8/../../..] ==> [/usr/lib]
  implicit libs: [c]
  implicit dirs: [/usr/lib/gcc/x86_64-linux-gnu/4.8;/usr/lib/x86_64-linux-gnu;/usr/lib;/lib/x86_64-linux-gnu;/lib]
  implicit fwks: []


Determining if the CXX compiler works passed with the following output:
Change Dir: /home/davincic2/catkin_ws/build_release/cisst/CMakeFiles/CMakeTmp

Run Build Command:/usr/bin/make "cmTryCompileExec116487846/fast"
/usr/bin/make -f CMakeFiles/cmTryCompileExec116487846.dir/build.make CMakeFiles/cmTryCompileExec116487846.dir/build
make[1]: Entering directory `/home/davincic2/catkin_ws/build_release/cisst/CMakeFiles/CMakeTmp'
/usr/bin/cmake -E cmake_progress_report /home/davincic2/catkin_ws/build_release/cisst/CMakeFiles/CMakeTmp/CMakeFiles 1
Building CXX object CMakeFiles/cmTryCompileExec116487846.dir/testCXXCompiler.cxx.o
/usr/bin/c++     -o CMakeFiles/cmTryCompileExec116487846.dir/testCXXCompiler.cxx.o -c /home/davincic2/catkin_ws/build_release/cisst/CMakeFiles/CMakeTmp/testCXXCompiler.cxx
Linking CXX executable cmTryCompileExec116487846
/usr/bin/cmake -E cmake_link_script CMakeFiles/cmTryCompileExec116487846.dir/link.txt --verbose=1
/usr/bin/c++        CMakeFiles/cmTryCompileExec116487846.dir/testCXXCompiler.cxx.o  -o cmTryCompileExec116487846 -rdynamic 
make[1]: Leaving directory `/home/davincic2/catkin_ws/build_release/cisst/CMakeFiles/CMakeTmp'


Detecting CXX compiler ABI info compiled with the following output:
Change Dir: /home/davincic2/catkin_ws/build_release/cisst/CMakeFiles/CMakeTmp

Run Build Command:/usr/bin/make "cmTryCompileExec3764571424/fast"
/usr/bin/make -f CMakeFiles/cmTryCompileExec3764571424.dir/build.make CMakeFiles/cmTryCompileExec3764571424.dir/build
make[1]: Entering directory `/home/davincic2/catkin_ws/build_release/cisst/CMakeFiles/CMakeTmp'
/usr/bin/cmake -E cmake_progress_report /home/davincic2/catkin_ws/build_release/cisst/CMakeFiles/CMakeTmp/CMakeFiles 1
Building CXX object CMakeFiles/cmTryCompileExec3764571424.dir/CMakeCXXCompilerABI.cpp.o
/usr/bin/c++     -o CMakeFiles/cmTryCompileExec3764571424.dir/CMakeCXXCompilerABI.cpp.o -c /usr/share/cmake-2.8/Modules/CMakeCXXCompilerABI.cpp
Linking CXX executable cmTryCompileExec3764571424
/usr/bin/cmake -E cmake_link_script CMakeFiles/cmTryCompileExec3764571424.dir/link.txt --verbose=1
/usr/bin/c++      -v CMakeFiles/cmTryCompileExec3764571424.dir/CMakeCXXCompilerABI.cpp.o  -o cmTryCompileExec3764571424 -rdynamic  
Using built-in specs.
COLLECT_GCC=/usr/bin/c++
COLLECT_LTO_WRAPPER=/usr/lib/gcc/x86_64-linux-gnu/4.8/lto-wrapper
Target: x86_64-linux-gnu
Configured with: ../src/configure -v --with-pkgversion='Ubuntu 4.8.4-2ubuntu1~14.04.3' --with-bugurl=file:///usr/share/doc/gcc-4.8/README.Bugs --enable-languages=c,c++,java,go,d,fortran,objc,obj-c++ --prefix=/usr --program-suffix=-4.8 --enable-shared --enable-linker-build-id --libexecdir=/usr/lib --without-included-gettext --enable-threads=posix --with-gxx-include-dir=/usr/include/c++/4.8 --libdir=/usr/lib --enable-nls --with-sysroot=/ --enable-clocale=gnu --enable-libstdcxx-debug --enable-libstdcxx-time=yes --enable-gnu-unique-object --disable-libmudflap --enable-plugin --with-system-zlib --disable-browser-plugin --enable-java-awt=gtk --enable-gtk-cairo --with-java-home=/usr/lib/jvm/java-1.5.0-gcj-4.8-amd64/jre --enable-java-home --with-jvm-root-dir=/usr/lib/jvm/java-1.5.0-gcj-4.8-amd64 --with-jvm-jar-dir=/usr/lib/jvm-exports/java-1.5.0-gcj-4.8-amd64 --with-arch-directory=amd64 --with-ecj-jar=/usr/share/java/eclipse-ecj.jar --enable-objc-gc --enable-multiarch --disable-werror --with-arch-32=i686 --with-abi=m64 --with-multilib-list=m32,m64,mx32 --with-tune=generic --enable-checking=release --build=x86_64-linux-gnu --host=x86_64-linux-gnu --target=x86_64-linux-gnu
Thread model: posix
gcc version 4.8.4 (Ubuntu 4.8.4-2ubuntu1~14.04.3) 
COMPILER_PATH=/usr/lib/gcc/x86_64-linux-gnu/4.8/:/usr/lib/gcc/x86_64-linux-gnu/4.8/:/usr/lib/gcc/x86_64-linux-gnu/:/usr/lib/gcc/x86_64-linux-gnu/4.8/:/usr/lib/gcc/x86_64-linux-gnu/
LIBRARY_PATH=/usr/lib/gcc/x86_64-linux-gnu/4.8/:/usr/lib/gcc/x86_64-linux-gnu/4.8/../../../x86_64-linux-gnu/:/usr/lib/gcc/x86_64-linux-gnu/4.8/../../../../lib/:/lib/x86_64-linux-gnu/:/lib/../lib/:/usr/lib/x86_64-linux-gnu/:/usr/lib/../lib/:/usr/lib/gcc/x86_64-linux-gnu/4.8/../../../:/lib/:/usr/lib/
COLLECT_GCC_OPTIONS='-v' '-o' 'cmTryCompileExec3764571424' '-rdynamic' '-shared-libgcc' '-mtune=generic' '-march=x86-64'
 /usr/lib/gcc/x86_64-linux-gnu/4.8/collect2 --sysroot=/ --build-id --eh-frame-hdr -m elf_x86_64 --hash-style=gnu --as-needed -export-dynamic -dynamic-linker /lib64/ld-linux-x86-64.so.2 -z relro -o cmTryCompileExec3764571424 /usr/lib/gcc/x86_64-linux-gnu/4.8/../../../x86_64-linux-gnu/crt1.o /usr/lib/gcc/x86_64-linux-gnu/4.8/../../../x86_64-linux-gnu/crti.o /usr/lib/gcc/x86_64-linux-gnu/4.8/crtbegin.o -L/usr/lib/gcc/x86_64-linux-gnu/4.8 -L/usr/lib/gcc/x86_64-linux-gnu/4.8/../../../x86_64-linux-gnu -L/usr/lib/gcc/x86_64-linux-gnu/4.8/../../../../lib -L/lib/x86_64-linux-gnu -L/lib/../lib -L/usr/lib/x86_64-linux-gnu -L/usr/lib/../lib -L/usr/lib/gcc/x86_64-linux-gnu/4.8/../../.. CMakeFiles/cmTryCompileExec3764571424.dir/CMakeCXXCompilerABI.cpp.o -lstdc++ -lm -lgcc_s -lgcc -lc -lgcc_s -lgcc /usr/lib/gcc/x86_64-linux-gnu/4.8/crtend.o /usr/lib/gcc/x86_64-linux-gnu/4.8/../../../x86_64-linux-gnu/crtn.o
make[1]: Leaving directory `/home/davincic2/catkin_ws/build_release/cisst/CMakeFiles/CMakeTmp'


Parsed CXX implicit link information from above output:
  link line regex: [^( *|.*[/\])(ld|([^/\]+-)?ld|collect2)[^/\]*( |$)]
  ignore line: [Change Dir: /home/davincic2/catkin_ws/build_release/cisst/CMakeFiles/CMakeTmp]
  ignore line: []
  ignore line: [Run Build Command:/usr/bin/make "cmTryCompileExec3764571424/fast"]
  ignore line: [/usr/bin/make -f CMakeFiles/cmTryCompileExec3764571424.dir/build.make CMakeFiles/cmTryCompileExec3764571424.dir/build]
  ignore line: [make[1]: Entering directory `/home/davincic2/catkin_ws/build_release/cisst/CMakeFiles/CMakeTmp']
  ignore line: [/usr/bin/cmake -E cmake_progress_report /home/davincic2/catkin_ws/build_release/cisst/CMakeFiles/CMakeTmp/CMakeFiles 1]
  ignore line: [Building CXX object CMakeFiles/cmTryCompileExec3764571424.dir/CMakeCXXCompilerABI.cpp.o]
  ignore line: [/usr/bin/c++     -o CMakeFiles/cmTryCompileExec3764571424.dir/CMakeCXXCompilerABI.cpp.o -c /usr/share/cmake-2.8/Modules/CMakeCXXCompilerABI.cpp]
  ignore line: [Linking CXX executable cmTryCompileExec3764571424]
  ignore line: [/usr/bin/cmake -E cmake_link_script CMakeFiles/cmTryCompileExec3764571424.dir/link.txt --verbose=1]
  ignore line: [/usr/bin/c++      -v CMakeFiles/cmTryCompileExec3764571424.dir/CMakeCXXCompilerABI.cpp.o  -o cmTryCompileExec3764571424 -rdynamic  ]
  ignore line: [Using built-in specs.]
  ignore line: [COLLECT_GCC=/usr/bin/c++]
  ignore line: [COLLECT_LTO_WRAPPER=/usr/lib/gcc/x86_64-linux-gnu/4.8/lto-wrapper]
  ignore line: [Target: x86_64-linux-gnu]
  ignore line: [Configured with: ../src/configure -v --with-pkgversion='Ubuntu 4.8.4-2ubuntu1~14.04.3' --with-bugurl=file:///usr/share/doc/gcc-4.8/README.Bugs --enable-languages=c,c++,java,go,d,fortran,objc,obj-c++ --prefix=/usr --program-suffix=-4.8 --enable-shared --enable-linker-build-id --libexecdir=/usr/lib --without-included-gettext --enable-threads=posix --with-gxx-include-dir=/usr/include/c++/4.8 --libdir=/usr/lib --enable-nls --with-sysroot=/ --enable-clocale=gnu --enable-libstdcxx-debug --enable-libstdcxx-time=yes --enable-gnu-unique-object --disable-libmudflap --enable-plugin --with-system-zlib --disable-browser-plugin --enable-java-awt=gtk --enable-gtk-cairo --with-java-home=/usr/lib/jvm/java-1.5.0-gcj-4.8-amd64/jre --enable-java-home --with-jvm-root-dir=/usr/lib/jvm/java-1.5.0-gcj-4.8-amd64 --with-jvm-jar-dir=/usr/lib/jvm-exports/java-1.5.0-gcj-4.8-amd64 --with-arch-directory=amd64 --with-ecj-jar=/usr/share/java/eclipse-ecj.jar --enable-objc-gc --enable-multiarch --disable-werror --with-arch-32=i686 --with-abi=m64 --with-multilib-list=m32,m64,mx32 --with-tune=generic --enable-checking=release --build=x86_64-linux-gnu --host=x86_64-linux-gnu --target=x86_64-linux-gnu]
  ignore line: [Thread model: posix]
  ignore line: [gcc version 4.8.4 (Ubuntu 4.8.4-2ubuntu1~14.04.3) ]
  ignore line: [COMPILER_PATH=/usr/lib/gcc/x86_64-linux-gnu/4.8/:/usr/lib/gcc/x86_64-linux-gnu/4.8/:/usr/lib/gcc/x86_64-linux-gnu/:/usr/lib/gcc/x86_64-linux-gnu/4.8/:/usr/lib/gcc/x86_64-linux-gnu/]
  ignore line: [LIBRARY_PATH=/usr/lib/gcc/x86_64-linux-gnu/4.8/:/usr/lib/gcc/x86_64-linux-gnu/4.8/../../../x86_64-linux-gnu/:/usr/lib/gcc/x86_64-linux-gnu/4.8/../../../../lib/:/lib/x86_64-linux-gnu/:/lib/../lib/:/usr/lib/x86_64-linux-gnu/:/usr/lib/../lib/:/usr/lib/gcc/x86_64-linux-gnu/4.8/../../../:/lib/:/usr/lib/]
  ignore line: [COLLECT_GCC_OPTIONS='-v' '-o' 'cmTryCompileExec3764571424' '-rdynamic' '-shared-libgcc' '-mtune=generic' '-march=x86-64']
  link line: [ /usr/lib/gcc/x86_64-linux-gnu/4.8/collect2 --sysroot=/ --build-id --eh-frame-hdr -m elf_x86_64 --hash-style=gnu --as-needed -export-dynamic -dynamic-linker /lib64/ld-linux-x86-64.so.2 -z relro -o cmTryCompileExec3764571424 /usr/lib/gcc/x86_64-linux-gnu/4.8/../../../x86_64-linux-gnu/crt1.o /usr/lib/gcc/x86_64-linux-gnu/4.8/../../../x86_64-linux-gnu/crti.o /usr/lib/gcc/x86_64-linux-gnu/4.8/crtbegin.o -L/usr/lib/gcc/x86_64-linux-gnu/4.8 -L/usr/lib/gcc/x86_64-linux-gnu/4.8/../../../x86_64-linux-gnu -L/usr/lib/gcc/x86_64-linux-gnu/4.8/../../../../lib -L/lib/x86_64-linux-gnu -L/lib/../lib -L/usr/lib/x86_64-linux-gnu -L/usr/lib/../lib -L/usr/lib/gcc/x86_64-linux-gnu/4.8/../../.. CMakeFiles/cmTryCompileExec3764571424.dir/CMakeCXXCompilerABI.cpp.o -lstdc++ -lm -lgcc_s -lgcc -lc -lgcc_s -lgcc /usr/lib/gcc/x86_64-linux-gnu/4.8/crtend.o /usr/lib/gcc/x86_64-linux-gnu/4.8/../../../x86_64-linux-gnu/crtn.o]
    arg [/usr/lib/gcc/x86_64-linux-gnu/4.8/collect2] ==> ignore
    arg [--sysroot=/] ==> ignore
    arg [--build-id] ==> ignore
    arg [--eh-frame-hdr] ==> ignore
    arg [-m] ==> ignore
    arg [elf_x86_64] ==> ignore
    arg [--hash-style=gnu] ==> ignore
    arg [--as-needed] ==> ignore
    arg [-export-dynamic] ==> ignore
    arg [-dynamic-linker] ==> ignore
    arg [/lib64/ld-linux-x86-64.so.2] ==> ignore
    arg [-zrelro] ==> ignore
    arg [-o] ==> ignore
    arg [cmTryCompileExec3764571424] ==> ignore
    arg [/usr/lib/gcc/x86_64-linux-gnu/4.8/../../../x86_64-linux-gnu/crt1.o] ==> ignore
    arg [/usr/lib/gcc/x86_64-linux-gnu/4.8/../../../x86_64-linux-gnu/crti.o] ==> ignore
    arg [/usr/lib/gcc/x86_64-linux-gnu/4.8/crtbegin.o] ==> ignore
    arg [-L/usr/lib/gcc/x86_64-linux-gnu/4.8] ==> dir [/usr/lib/gcc/x86_64-linux-gnu/4.8]
    arg [-L/usr/lib/gcc/x86_64-linux-gnu/4.8/../../../x86_64-linux-gnu] ==> dir [/usr/lib/gcc/x86_64-linux-gnu/4.8/../../../x86_64-linux-gnu]
    arg [-L/usr/lib/gcc/x86_64-linux-gnu/4.8/../../../../lib] ==> dir [/usr/lib/gcc/x86_64-linux-gnu/4.8/../../../../lib]
    arg [-L/lib/x86_64-linux-gnu] ==> dir [/lib/x86_64-linux-gnu]
    arg [-L/lib/../lib] ==> dir [/lib/../lib]
    arg [-L/usr/lib/x86_64-linux-gnu] ==> dir [/usr/lib/x86_64-linux-gnu]
    arg [-L/usr/lib/../lib] ==> dir [/usr/lib/../lib]
    arg [-L/usr/lib/gcc/x86_64-linux-gnu/4.8/../../..] ==> dir [/usr/lib/gcc/x86_64-linux-gnu/4.8/../../..]
    arg [CMakeFiles/cmTryCompileExec3764571424.dir/CMakeCXXCompilerABI.cpp.o] ==> ignore
    arg [-lstdc++] ==> lib [stdc++]
    arg [-lm] ==> lib [m]
    arg [-lgcc_s] ==> lib [gcc_s]
    arg [-lgcc] ==> lib [gcc]
    arg [-lc] ==> lib [c]
    arg [-lgcc_s] ==> lib [gcc_s]
    arg [-lgcc] ==> lib [gcc]
    arg [/usr/lib/gcc/x86_64-linux-gnu/4.8/crtend.o] ==> ignore
    arg [/usr/lib/gcc/x86_64-linux-gnu/4.8/../../../x86_64-linux-gnu/crtn.o] ==> ignore
  remove lib [gcc_s]
  remove lib [gcc]
  remove lib [gcc_s]
  remove lib [gcc]
  collapse library dir [/usr/lib/gcc/x86_64-linux-gnu/4.8] ==> [/usr/lib/gcc/x86_64-linux-gnu/4.8]
  collapse library dir [/usr/lib/gcc/x86_64-linux-gnu/4.8/../../../x86_64-linux-gnu] ==> [/usr/lib/x86_64-linux-gnu]
  collapse library dir [/usr/lib/gcc/x86_64-linux-gnu/4.8/../../../../lib] ==> [/usr/lib]
  collapse library dir [/lib/x86_64-linux-gnu] ==> [/lib/x86_64-linux-gnu]
  collapse library dir [/lib/../lib] ==> [/lib]
  collapse library dir [/usr/lib/x86_64-linux-gnu] ==> [/usr/lib/x86_64-linux-gnu]
  collapse library dir [/usr/lib/../lib] ==> [/usr/lib]
  collapse library dir [/usr/lib/gcc/x86_64-linux-gnu/4.8/../../..] ==> [/usr/lib]
  implicit libs: [stdc++;m;c]
  implicit dirs: [/usr/lib/gcc/x86_64-linux-gnu/4.8;/usr/lib/x86_64-linux-gnu;/usr/lib;/lib/x86_64-linux-gnu;/lib]
  implicit fwks: []


Performing C++ SOURCE FILE Test CXX_SUPPORTS_WEXTRA succeded with the following output:
Change Dir: /home/davincic2/catkin_ws/build_release/cisst/CMakeFiles/CMakeTmp

Run Build Command:/usr/bin/make "cmTryCompileExec1840754454/fast"
/usr/bin/make -f CMakeFiles/cmTryCompileExec1840754454.dir/build.make CMakeFiles/cmTryCompileExec1840754454.dir/build
make[1]: Entering directory `/home/davincic2/catkin_ws/build_release/cisst/CMakeFiles/CMakeTmp'
/usr/bin/cmake -E cmake_progress_report /home/davincic2/catkin_ws/build_release/cisst/CMakeFiles/CMakeTmp/CMakeFiles 1
Building CXX object CMakeFiles/cmTryCompileExec1840754454.dir/src.cxx.o
/usr/bin/c++    -fPIC -DCXX_SUPPORTS_WEXTRA   -Wextra -o CMakeFiles/cmTryCompileExec1840754454.dir/src.cxx.o -c /home/davincic2/catkin_ws/build_release/cisst/CMakeFiles/CMakeTmp/src.cxx
Linking CXX executable cmTryCompileExec1840754454
/usr/bin/cmake -E cmake_link_script CMakeFiles/cmTryCompileExec1840754454.dir/link.txt --verbose=1
/usr/bin/c++    -fPIC -DCXX_SUPPORTS_WEXTRA    CMakeFiles/cmTryCompileExec1840754454.dir/src.cxx.o  -o cmTryCompileExec1840754454 -rdynamic 
make[1]: Leaving directory `/home/davincic2/catkin_ws/build_release/cisst/CMakeFiles/CMakeTmp'

Source file was:
int main() { return 0;}
Performing C++ SOURCE FILE Test CXX_SUPPORTS_WALL succeded with the following output:
Change Dir: /home/davincic2/catkin_ws/build_release/cisst/CMakeFiles/CMakeTmp

Run Build Command:/usr/bin/make "cmTryCompileExec3662881922/fast"
/usr/bin/make -f CMakeFiles/cmTryCompileExec3662881922.dir/build.make CMakeFiles/cmTryCompileExec3662881922.dir/build
make[1]: Entering directory `/home/davincic2/catkin_ws/build_release/cisst/CMakeFiles/CMakeTmp'
/usr/bin/cmake -E cmake_progress_report /home/davincic2/catkin_ws/build_release/cisst/CMakeFiles/CMakeTmp/CMakeFiles 1
Building CXX object CMakeFiles/cmTryCompileExec3662881922.dir/src.cxx.o
/usr/bin/c++    -fPIC -Wextra -DCXX_SUPPORTS_WALL   -Wall -o CMakeFiles/cmTryCompileExec3662881922.dir/src.cxx.o -c /home/davincic2/catkin_ws/build_release/cisst/CMakeFiles/CMakeTmp/src.cxx
Linking CXX executable cmTryCompileExec3662881922
/usr/bin/cmake -E cmake_link_script CMakeFiles/cmTryCompileExec3662881922.dir/link.txt --verbose=1
/usr/bin/c++    -fPIC -Wextra -DCXX_SUPPORTS_WALL    CMakeFiles/cmTryCompileExec3662881922.dir/src.cxx.o  -o cmTryCompileExec3662881922 -rdynamic 
make[1]: Leaving directory `/home/davincic2/catkin_ws/build_release/cisst/CMakeFiles/CMakeTmp'

Source file was:
int main() { return 0;}
Determining if the function XOpenDisplay exists in the /usr/lib/x86_64-linux-gnu/libX11.so;/usr/lib/x86_64-linux-gnu/libXext.so passed with the following output:
Change Dir: /home/davincic2/catkin_ws/build_release/cisst/CMakeFiles/CMakeTmp

Run Build Command:/usr/bin/make "cmTryCompileExec2142934208/fast"
/usr/bin/make -f CMakeFiles/cmTryCompileExec2142934208.dir/build.make CMakeFiles/cmTryCompileExec2142934208.dir/build
make[1]: Entering directory `/home/davincic2/catkin_ws/build_release/cisst/CMakeFiles/CMakeTmp'
/usr/bin/cmake -E cmake_progress_report /home/davincic2/catkin_ws/build_release/cisst/CMakeFiles/CMakeTmp/CMakeFiles 1
Building C object CMakeFiles/cmTryCompileExec2142934208.dir/CheckFunctionExists.c.o
/usr/bin/cc   -DCHECK_FUNCTION_EXISTS=XOpenDisplay   -o CMakeFiles/cmTryCompileExec2142934208.dir/CheckFunctionExists.c.o   -c /usr/share/cmake-2.8/Modules/CheckFunctionExists.c
Linking C executable cmTryCompileExec2142934208
/usr/bin/cmake -E cmake_link_script CMakeFiles/cmTryCompileExec2142934208.dir/link.txt --verbose=1
/usr/bin/cc   -DCHECK_FUNCTION_EXISTS=XOpenDisplay    CMakeFiles/cmTryCompileExec2142934208.dir/CheckFunctionExists.c.o  -o cmTryCompileExec2142934208 -rdynamic -lX11 -lXext 
make[1]: Leaving directory `/home/davincic2/catkin_ws/build_release/cisst/CMakeFiles/CMakeTmp'


Determining if the function gethostbyname exists passed with the following output:
Change Dir: /home/davincic2/catkin_ws/build_release/cisst/CMakeFiles/CMakeTmp

Run Build Command:/usr/bin/make "cmTryCompileExec3001440241/fast"
/usr/bin/make -f CMakeFiles/cmTryCompileExec3001440241.dir/build.make CMakeFiles/cmTryCompileExec3001440241.dir/build
make[1]: Entering directory `/home/davincic2/catkin_ws/build_release/cisst/CMakeFiles/CMakeTmp'
/usr/bin/cmake -E cmake_progress_report /home/davincic2/catkin_ws/build_release/cisst/CMakeFiles/CMakeTmp/CMakeFiles 1
Building C object CMakeFiles/cmTryCompileExec3001440241.dir/CheckFunctionExists.c.o
/usr/bin/cc   -DCHECK_FUNCTION_EXISTS=gethostbyname   -o CMakeFiles/cmTryCompileExec3001440241.dir/CheckFunctionExists.c.o   -c /usr/share/cmake-2.8/Modules/CheckFunctionExists.c
Linking C executable cmTryCompileExec3001440241
/usr/bin/cmake -E cmake_link_script CMakeFiles/cmTryCompileExec3001440241.dir/link.txt --verbose=1
/usr/bin/cc   -DCHECK_FUNCTION_EXISTS=gethostbyname    CMakeFiles/cmTryCompileExec3001440241.dir/CheckFunctionExists.c.o  -o cmTryCompileExec3001440241 -rdynamic 
make[1]: Leaving directory `/home/davincic2/catkin_ws/build_release/cisst/CMakeFiles/CMakeTmp'


Determining if the function connect exists passed with the following output:
Change Dir: /home/davincic2/catkin_ws/build_release/cisst/CMakeFiles/CMakeTmp

Run Build Command:/usr/bin/make "cmTryCompileExec3752790972/fast"
/usr/bin/make -f CMakeFiles/cmTryCompileExec3752790972.dir/build.make CMakeFiles/cmTryCompileExec3752790972.dir/build
make[1]: Entering directory `/home/davincic2/catkin_ws/build_release/cisst/CMakeFiles/CMakeTmp'
/usr/bin/cmake -E cmake_progress_report /home/davincic2/catkin_ws/build_release/cisst/CMakeFiles/CMakeTmp/CMakeFiles 1
Building C object CMakeFiles/cmTryCompileExec3752790972.dir/CheckFunctionExists.c.o
/usr/bin/cc   -DCHECK_FUNCTION_EXISTS=connect   -o CMakeFiles/cmTryCompileExec3752790972.dir/CheckFunctionExists.c.o   -c /usr/share/cmake-2.8/Modules/CheckFunctionExists.c
Linking C executable cmTryCompileExec3752790972
/usr/bin/cmake -E cmake_link_script CMakeFiles/cmTryCompileExec3752790972.dir/link.txt --verbose=1
/usr/bin/cc   -DCHECK_FUNCTION_EXISTS=connect    CMakeFiles/cmTryCompileExec3752790972.dir/CheckFunctionExists.c.o  -o cmTryCompileExec3752790972 -rdynamic 
make[1]: Leaving directory `/home/davincic2/catkin_ws/build_release/cisst/CMakeFiles/CMakeTmp'


Determining if the function remove exists passed with the following output:
Change Dir: /home/davincic2/catkin_ws/build_release/cisst/CMakeFiles/CMakeTmp

Run Build Command:/usr/bin/make "cmTryCompileExec2087317440/fast"
/usr/bin/make -f CMakeFiles/cmTryCompileExec2087317440.dir/build.make CMakeFiles/cmTryCompileExec2087317440.dir/build
make[1]: Entering directory `/home/davincic2/catkin_ws/build_release/cisst/CMakeFiles/CMakeTmp'
/usr/bin/cmake -E cmake_progress_report /home/davincic2/catkin_ws/build_release/cisst/CMakeFiles/CMakeTmp/CMakeFiles 1
Building C object CMakeFiles/cmTryCompileExec2087317440.dir/CheckFunctionExists.c.o
/usr/bin/cc   -DCHECK_FUNCTION_EXISTS=remove   -o CMakeFiles/cmTryCompileExec2087317440.dir/CheckFunctionExists.c.o   -c /usr/share/cmake-2.8/Modules/CheckFunctionExists.c
Linking C executable cmTryCompileExec2087317440
/usr/bin/cmake -E cmake_link_script CMakeFiles/cmTryCompileExec2087317440.dir/link.txt --verbose=1
/usr/bin/cc   -DCHECK_FUNCTION_EXISTS=remove    CMakeFiles/cmTryCompileExec2087317440.dir/CheckFunctionExists.c.o  -o cmTryCompileExec2087317440 -rdynamic 
make[1]: Leaving directory `/home/davincic2/catkin_ws/build_release/cisst/CMakeFiles/CMakeTmp'


Determining if the function shmat exists passed with the following output:
Change Dir: /home/davincic2/catkin_ws/build_release/cisst/CMakeFiles/CMakeTmp

Run Build Command:/usr/bin/make "cmTryCompileExec2308707696/fast"
/usr/bin/make -f CMakeFiles/cmTryCompileExec2308707696.dir/build.make CMakeFiles/cmTryCompileExec2308707696.dir/build
make[1]: Entering directory `/home/davincic2/catkin_ws/build_release/cisst/CMakeFiles/CMakeTmp'
/usr/bin/cmake -E cmake_progress_report /home/davincic2/catkin_ws/build_release/cisst/CMakeFiles/CMakeTmp/CMakeFiles 1
Building C object CMakeFiles/cmTryCompileExec2308707696.dir/CheckFunctionExists.c.o
/usr/bin/cc   -DCHECK_FUNCTION_EXISTS=shmat   -o CMakeFiles/cmTryCompileExec2308707696.dir/CheckFunctionExists.c.o   -c /usr/share/cmake-2.8/Modules/CheckFunctionExists.c
Linking C executable cmTryCompileExec2308707696
/usr/bin/cmake -E cmake_link_script CMakeFiles/cmTryCompileExec2308707696.dir/link.txt --verbose=1
/usr/bin/cc   -DCHECK_FUNCTION_EXISTS=shmat    CMakeFiles/cmTryCompileExec2308707696.dir/CheckFunctionExists.c.o  -o cmTryCompileExec2308707696 -rdynamic 
make[1]: Leaving directory `/home/davincic2/catkin_ws/build_release/cisst/CMakeFiles/CMakeTmp'


Determining if the function IceConnectionNumber exists in the ICE passed with the following output:
Change Dir: /home/davincic2/catkin_ws/build_release/cisst/CMakeFiles/CMakeTmp

Run Build Command:/usr/bin/make "cmTryCompileExec3991227822/fast"
/usr/bin/make -f CMakeFiles/cmTryCompileExec3991227822.dir/build.make CMakeFiles/cmTryCompileExec3991227822.dir/build
make[1]: Entering directory `/home/davincic2/catkin_ws/build_release/cisst/CMakeFiles/CMakeTmp'
/usr/bin/cmake -E cmake_progress_report /home/davincic2/catkin_ws/build_release/cisst/CMakeFiles/CMakeTmp/CMakeFiles 1
Building C object CMakeFiles/cmTryCompileExec3991227822.dir/CheckFunctionExists.c.o
/usr/bin/cc   -DCHECK_FUNCTION_EXISTS=IceConnectionNumber   -o CMakeFiles/cmTryCompileExec3991227822.dir/CheckFunctionExists.c.o   -c /usr/share/cmake-2.8/Modules/CheckFunctionExists.c
Linking C executable cmTryCompileExec3991227822
/usr/bin/cmake -E cmake_link_script CMakeFiles/cmTryCompileExec3991227822.dir/link.txt --verbose=1
/usr/bin/cc   -DCHECK_FUNCTION_EXISTS=IceConnectionNumber    CMakeFiles/cmTryCompileExec3991227822.dir/CheckFunctionExists.c.o  -o cmTryCompileExec3991227822 -rdynamic -lICE 
make[1]: Leaving directory `/home/davincic2/catkin_ws/build_release/cisst/CMakeFiles/CMakeTmp'


Determining if the Q_WS_X11 exist passed with the following output:
Change Dir: /home/davincic2/catkin_ws/build_release/cisst/CMakeFiles/CMakeTmp

Run Build Command:/usr/bin/make "cmTryCompileExec3437948931/fast"
/usr/bin/make -f CMakeFiles/cmTryCompileExec3437948931.dir/build.make CMakeFiles/cmTryCompileExec3437948931.dir/build
make[1]: Entering directory `/home/davincic2/catkin_ws/build_release/cisst/CMakeFiles/CMakeTmp'
/usr/bin/cmake -E cmake_progress_report /home/davincic2/catkin_ws/build_release/cisst/CMakeFiles/CMakeTmp/CMakeFiles 1
Building CXX object CMakeFiles/cmTryCompileExec3437948931.dir/CheckSymbolExists.cxx.o
/usr/bin/c++    -fPIC -Wextra -Wall  -I/usr/include/qt4    -o CMakeFiles/cmTryCompileExec3437948931.dir/CheckSymbolExists.cxx.o -c /home/davincic2/catkin_ws/build_release/cisst/CMakeFiles/CMakeTmp/CheckSymbolExists.cxx
Linking CXX executable cmTryCompileExec3437948931
/usr/bin/cmake -E cmake_link_script CMakeFiles/cmTryCompileExec3437948931.dir/link.txt --verbose=1
/usr/bin/c++    -fPIC -Wextra -Wall     CMakeFiles/cmTryCompileExec3437948931.dir/CheckSymbolExists.cxx.o  -o cmTryCompileExec3437948931 -rdynamic 
make[1]: Leaving directory `/home/davincic2/catkin_ws/build_release/cisst/CMakeFiles/CMakeTmp'

File /home/davincic2/catkin_ws/build_release/cisst/CMakeFiles/CMakeTmp/CheckSymbolExists.cxx:
/* */
#include <QtCore/qglobal.h>

int main(int argc, char** argv)
{
  (void)argv;
#ifndef Q_WS_X11
  return ((int*)(&Q_WS_X11))[argc];
#else
  (void)argc;
  return 0;
#endif
}

Performing C++ SOURCE FILE Test CXX_SUPPORTS_FPIC succeded with the following output:
Change Dir: /home/davincic2/catkin_ws/build_release/cisst/CMakeFiles/CMakeTmp

Run Build Command:/usr/bin/make "cmTryCompileExec966098797/fast"
/usr/bin/make -f CMakeFiles/cmTryCompileExec966098797.dir/build.make CMakeFiles/cmTryCompileExec966098797.dir/build
make[1]: Entering directory `/home/davincic2/catkin_ws/build_release/cisst/CMakeFiles/CMakeTmp'
/usr/bin/cmake -E cmake_progress_report /home/davincic2/catkin_ws/build_release/cisst/CMakeFiles/CMakeTmp/CMakeFiles 1
Building CXX object CMakeFiles/cmTryCompileExec966098797.dir/src.cxx.o
/usr/bin/c++    -fPIC -Wextra -Wall -DCXX_SUPPORTS_FPIC   -fPIC -o CMakeFiles/cmTryCompileExec966098797.dir/src.cxx.o -c /home/davincic2/catkin_ws/build_release/cisst/CMakeFiles/CMakeTmp/src.cxx
Linking CXX executable cmTryCompileExec966098797
/usr/bin/cmake -E cmake_link_script CMakeFiles/cmTryCompileExec966098797.dir/link.txt --verbose=1
/usr/bin/c++    -fPIC -Wextra -Wall -DCXX_SUPPORTS_FPIC    CMakeFiles/cmTryCompileExec966098797.dir/src.cxx.o  -o cmTryCompileExec966098797 -rdynamic 
make[1]: Leaving directory `/home/davincic2/catkin_ws/build_release/cisst/CMakeFiles/CMakeTmp'

Source file was:
int main() { return 0;}
Performing C++ SOURCE FILE Test CISST_OSTREAM_CAN_CAST_TO_VOID_PTR succeded with the following output:
Change Dir: /home/davincic2/catkin_ws/build_release/cisst/CMakeFiles/CMakeTmp

Run Build Command:/usr/bin/make "cmTryCompileExec968051716/fast"
/usr/bin/make -f CMakeFiles/cmTryCompileExec968051716.dir/build.make CMakeFiles/cmTryCompileExec968051716.dir/build
make[1]: Entering directory `/home/davincic2/catkin_ws/build_release/cisst/CMakeFiles/CMakeTmp'
/usr/bin/cmake -E cmake_progress_report /home/davincic2/catkin_ws/build_release/cisst/CMakeFiles/CMakeTmp/CMakeFiles 1
Building CXX object CMakeFiles/cmTryCompileExec968051716.dir/src.cxx.o
/usr/bin/c++    -fPIC -Wextra -Wall -DCISST_OSTREAM_CAN_CAST_TO_VOID_PTR   -o CMakeFiles/cmTryCompileExec968051716.dir/src.cxx.o -c /home/davincic2/catkin_ws/build_release/cisst/CMakeFiles/CMakeTmp/src.cxx
/home/davincic2/catkin_ws/build_release/cisst/CMakeFiles/CMakeTmp/src.cxx: In function ‘int main(int, char**)’:
/home/davincic2/catkin_ws/build_release/cisst/CMakeFiles/CMakeTmp/src.cxx:3:44: warning: statement has no effect [-Wunused-value]
     true ? (void *) 0 : std::cerr << "true";
                                            ^
/home/davincic2/catkin_ws/build_release/cisst/CMakeFiles/CMakeTmp/src.cxx: At global scope:
/home/davincic2/catkin_ws/build_release/cisst/CMakeFiles/CMakeTmp/src.cxx:2:5: warning: unused parameter ‘argc’ [-Wunused-parameter]
 int main(int argc, char ** argv) {
     ^
/home/davincic2/catkin_ws/build_release/cisst/CMakeFiles/CMakeTmp/src.cxx:2:5: warning: unused parameter ‘argv’ [-Wunused-parameter]
Linking CXX executable cmTryCompileExec968051716
/usr/bin/cmake -E cmake_link_script CMakeFiles/cmTryCompileExec968051716.dir/link.txt --verbose=1
/usr/bin/c++    -fPIC -Wextra -Wall -DCISST_OSTREAM_CAN_CAST_TO_VOID_PTR    CMakeFiles/cmTryCompileExec968051716.dir/src.cxx.o  -o cmTryCompileExec968051716 -rdynamic 
make[1]: Leaving directory `/home/davincic2/catkin_ws/build_release/cisst/CMakeFiles/CMakeTmp'

Source file was:
#include <iostream>
int main(int argc, char ** argv) {
    true ? (void *) 0 : std::cerr << "true";
    false ? (void *) 0 : std::cerr << "false";
    return 0;
}
Determining if the isfinite exist passed with the following output:
Change Dir: /home/davincic2/catkin_ws/build_release/cisst/CMakeFiles/CMakeTmp

Run Build Command:/usr/bin/make "cmTryCompileExec541235565/fast"
/usr/bin/make -f CMakeFiles/cmTryCompileExec541235565.dir/build.make CMakeFiles/cmTryCompileExec541235565.dir/build
make[1]: Entering directory `/home/davincic2/catkin_ws/build_release/cisst/CMakeFiles/CMakeTmp'
/usr/bin/cmake -E cmake_progress_report /home/davincic2/catkin_ws/build_release/cisst/CMakeFiles/CMakeTmp/CMakeFiles 1
Building C object CMakeFiles/cmTryCompileExec541235565.dir/CheckSymbolExists.c.o
/usr/bin/cc    -o CMakeFiles/cmTryCompileExec541235565.dir/CheckSymbolExists.c.o   -c /home/davincic2/catkin_ws/build_release/cisst/CMakeFiles/CMakeTmp/CheckSymbolExists.c
Linking C executable cmTryCompileExec541235565
/usr/bin/cmake -E cmake_link_script CMakeFiles/cmTryCompileExec541235565.dir/link.txt --verbose=1
/usr/bin/cc       CMakeFiles/cmTryCompileExec541235565.dir/CheckSymbolExists.c.o  -o cmTryCompileExec541235565 -rdynamic 
make[1]: Leaving directory `/home/davincic2/catkin_ws/build_release/cisst/CMakeFiles/CMakeTmp'

File /home/davincic2/catkin_ws/build_release/cisst/CMakeFiles/CMakeTmp/CheckSymbolExists.c:
/* */
#include <math.h>

int main(int argc, char** argv)
{
  (void)argv;
#ifndef isfinite
  return ((int*)(&isfinite))[argc];
#else
  (void)argc;
  return 0;
#endif
}

Determining if files pthread.h exist passed with the following output:
Change Dir: /home/davincic2/catkin_ws/build_release/cisst/CMakeFiles/CMakeTmp

Run Build Command:/usr/bin/make "cmTryCompileExec4076162303/fast"
/usr/bin/make -f CMakeFiles/cmTryCompileExec4076162303.dir/build.make CMakeFiles/cmTryCompileExec4076162303.dir/build
make[1]: Entering directory `/home/davincic2/catkin_ws/build_release/cisst/CMakeFiles/CMakeTmp'
/usr/bin/cmake -E cmake_progress_report /home/davincic2/catkin_ws/build_release/cisst/CMakeFiles/CMakeTmp/CMakeFiles 1
Building C object CMakeFiles/cmTryCompileExec4076162303.dir/CheckIncludeFiles.c.o
/usr/bin/cc    -o CMakeFiles/cmTryCompileExec4076162303.dir/CheckIncludeFiles.c.o   -c /home/davincic2/catkin_ws/build_release/cisst/CMakeFiles/CMakeTmp/CheckIncludeFiles.c
Linking C executable cmTryCompileExec4076162303
/usr/bin/cmake -E cmake_link_script CMakeFiles/cmTryCompileExec4076162303.dir/link.txt --verbose=1
/usr/bin/cc       CMakeFiles/cmTryCompileExec4076162303.dir/CheckIncludeFiles.c.o  -o cmTryCompileExec4076162303 -rdynamic 
make[1]: Leaving directory `/home/davincic2/catkin_ws/build_release/cisst/CMakeFiles/CMakeTmp'


Determining if the function pthread_create exists in the pthread passed with the following output:
Change Dir: /home/davincic2/catkin_ws/build_release/cisst/CMakeFiles/CMakeTmp

Run Build Command:/usr/bin/make "cmTryCompileExec3663989307/fast"
/usr/bin/make -f CMakeFiles/cmTryCompileExec3663989307.dir/build.make CMakeFiles/cmTryCompileExec3663989307.dir/build
make[1]: Entering directory `/home/davincic2/catkin_ws/build_release/cisst/CMakeFiles/CMakeTmp'
/usr/bin/cmake -E cmake_progress_report /home/davincic2/catkin_ws/build_release/cisst/CMakeFiles/CMakeTmp/CMakeFiles 1
Building C object CMakeFiles/cmTryCompileExec3663989307.dir/CheckFunctionExists.c.o
/usr/bin/cc   -DCHECK_FUNCTION_EXISTS=pthread_create   -o CMakeFiles/cmTryCompileExec3663989307.dir/CheckFunctionExists.c.o   -c /usr/share/cmake-2.8/Modules/CheckFunctionExists.c
Linking C executable cmTryCompileExec3663989307
/usr/bin/cmake -E cmake_link_script CMakeFiles/cmTryCompileExec3663989307.dir/link.txt --verbose=1
/usr/bin/cc   -DCHECK_FUNCTION_EXISTS=pthread_create    CMakeFiles/cmTryCompileExec3663989307.dir/CheckFunctionExists.c.o  -o cmTryCompileExec3663989307 -rdynamic -lpthread 
make[1]: Leaving directory `/home/davincic2/catkin_ws/build_release/cisst/CMakeFiles/CMakeTmp'


