Determining if the Q_WS_WIN exist failed with the following output:
Change Dir: /home/davincic2/catkin_ws/build_release/cisst/CMakeFiles/CMakeTmp

Run Build Command:/usr/bin/make "cmTryCompileExec952503118/fast"
/usr/bin/make -f CMakeFiles/cmTryCompileExec952503118.dir/build.make CMakeFiles/cmTryCompileExec952503118.dir/build
make[1]: Entering directory `/home/davincic2/catkin_ws/build_release/cisst/CMakeFiles/CMakeTmp'
/usr/bin/cmake -E cmake_progress_report /home/davincic2/catkin_ws/build_release/cisst/CMakeFiles/CMakeTmp/CMakeFiles 1
Building CXX object CMakeFiles/cmTryCompileExec952503118.dir/CheckSymbolExists.cxx.o
/usr/bin/c++    -fPIC -Wextra -Wall  -I/usr/include/qt4    -o CMakeFiles/cmTryCompileExec952503118.dir/CheckSymbolExists.cxx.o -c /home/davincic2/catkin_ws/build_release/cisst/CMakeFiles/CMakeTmp/CheckSymbolExists.cxx
/home/davincic2/catkin_ws/build_release/cisst/CMakeFiles/CMakeTmp/CheckSymbolExists.cxx: In function ‘int main(int, char**)’:
/home/davincic2/catkin_ws/build_release/cisst/CMakeFiles/CMakeTmp/CheckSymbolExists.cxx:8:19: error: ‘Q_WS_WIN’ was not declared in this scope
   return ((int*)(&Q_WS_WIN))[argc];
                   ^
make[1]: Leaving directory `/home/davincic2/catkin_ws/build_release/cisst/CMakeFiles/CMakeTmp'
make[1]: *** [CMakeFiles/cmTryCompileExec952503118.dir/CheckSymbolExists.cxx.o] Error 1
make: *** [cmTryCompileExec952503118/fast] Error 2

File /home/davincic2/catkin_ws/build_release/cisst/CMakeFiles/CMakeTmp/CheckSymbolExists.cxx:
/* */
#include <QtCore/qglobal.h>

int main(int argc, char** argv)
{
  (void)argv;
#ifndef Q_WS_WIN
  return ((int*)(&Q_WS_WIN))[argc];
#else
  (void)argc;
  return 0;
#endif
}

Determining if the Q_WS_QWS exist failed with the following output:
Change Dir: /home/davincic2/catkin_ws/build_release/cisst/CMakeFiles/CMakeTmp

Run Build Command:/usr/bin/make "cmTryCompileExec1766281193/fast"
/usr/bin/make -f CMakeFiles/cmTryCompileExec1766281193.dir/build.make CMakeFiles/cmTryCompileExec1766281193.dir/build
make[1]: Entering directory `/home/davincic2/catkin_ws/build_release/cisst/CMakeFiles/CMakeTmp'
/usr/bin/cmake -E cmake_progress_report /home/davincic2/catkin_ws/build_release/cisst/CMakeFiles/CMakeTmp/CMakeFiles 1
Building CXX object CMakeFiles/cmTryCompileExec1766281193.dir/CheckSymbolExists.cxx.o
/usr/bin/c++    -fPIC -Wextra -Wall  -I/usr/include/qt4    -o CMakeFiles/cmTryCompileExec1766281193.dir/CheckSymbolExists.cxx.o -c /home/davincic2/catkin_ws/build_release/cisst/CMakeFiles/CMakeTmp/CheckSymbolExists.cxx
/home/davincic2/catkin_ws/build_release/cisst/CMakeFiles/CMakeTmp/CheckSymbolExists.cxx: In function ‘int main(int, char**)’:
/home/davincic2/catkin_ws/build_release/cisst/CMakeFiles/CMakeTmp/CheckSymbolExists.cxx:8:19: error: ‘Q_WS_QWS’ was not declared in this scope
   return ((int*)(&Q_WS_QWS))[argc];
                   ^
make[1]: Leaving directory `/home/davincic2/catkin_ws/build_release/cisst/CMakeFiles/CMakeTmp'
make[1]: *** [CMakeFiles/cmTryCompileExec1766281193.dir/CheckSymbolExists.cxx.o] Error 1
make: *** [cmTryCompileExec1766281193/fast] Error 2

File /home/davincic2/catkin_ws/build_release/cisst/CMakeFiles/CMakeTmp/CheckSymbolExists.cxx:
/* */
#include <QtCore/qglobal.h>

int main(int argc, char** argv)
{
  (void)argv;
#ifndef Q_WS_QWS
  return ((int*)(&Q_WS_QWS))[argc];
#else
  (void)argc;
  return 0;
#endif
}

Determining if the Q_WS_MAC exist failed with the following output:
Change Dir: /home/davincic2/catkin_ws/build_release/cisst/CMakeFiles/CMakeTmp

Run Build Command:/usr/bin/make "cmTryCompileExec4241544364/fast"
/usr/bin/make -f CMakeFiles/cmTryCompileExec4241544364.dir/build.make CMakeFiles/cmTryCompileExec4241544364.dir/build
make[1]: Entering directory `/home/davincic2/catkin_ws/build_release/cisst/CMakeFiles/CMakeTmp'
/usr/bin/cmake -E cmake_progress_report /home/davincic2/catkin_ws/build_release/cisst/CMakeFiles/CMakeTmp/CMakeFiles 1
Building CXX object CMakeFiles/cmTryCompileExec4241544364.dir/CheckSymbolExists.cxx.o
/usr/bin/c++    -fPIC -Wextra -Wall  -I/usr/include/qt4    -o CMakeFiles/cmTryCompileExec4241544364.dir/CheckSymbolExists.cxx.o -c /home/davincic2/catkin_ws/build_release/cisst/CMakeFiles/CMakeTmp/CheckSymbolExists.cxx
/home/davincic2/catkin_ws/build_release/cisst/CMakeFiles/CMakeTmp/CheckSymbolExists.cxx: In function ‘int main(int, char**)’:
/home/davincic2/catkin_ws/build_release/cisst/CMakeFiles/CMakeTmp/CheckSymbolExists.cxx:8:19: error: ‘Q_WS_MAC’ was not declared in this scope
   return ((int*)(&Q_WS_MAC))[argc];
                   ^
make[1]: Leaving directory `/home/davincic2/catkin_ws/build_release/cisst/CMakeFiles/CMakeTmp'
make[1]: *** [CMakeFiles/cmTryCompileExec4241544364.dir/CheckSymbolExists.cxx.o] Error 1
make: *** [cmTryCompileExec4241544364/fast] Error 2

File /home/davincic2/catkin_ws/build_release/cisst/CMakeFiles/CMakeTmp/CheckSymbolExists.cxx:
/* */
#include <QtCore/qglobal.h>

int main(int argc, char** argv)
{
  (void)argv;
#ifndef Q_WS_MAC
  return ((int*)(&Q_WS_MAC))[argc];
#else
  (void)argc;
  return 0;
#endif
}

Determining if size_t is a native type passed with the following output:
Change Dir: /home/davincic2/catkin_ws/build_release/cisst/CMakeFiles/CMakeTmp

Run Build Command:/usr/bin/make "cmTryCompileExec1550904757/fast"
/usr/bin/make -f CMakeFiles/cmTryCompileExec1550904757.dir/build.make CMakeFiles/cmTryCompileExec1550904757.dir/build
make[1]: Entering directory `/home/davincic2/catkin_ws/build_release/cisst/CMakeFiles/CMakeTmp'
/usr/bin/cmake -E cmake_progress_report /home/davincic2/catkin_ws/build_release/cisst/CMakeFiles/CMakeTmp/CMakeFiles 1
Building CXX object CMakeFiles/cmTryCompileExec1550904757.dir/test_size_t.cpp.o
/usr/bin/c++    -fPIC -Wextra -Wall    -o CMakeFiles/cmTryCompileExec1550904757.dir/test_size_t.cpp.o -c /home/davincic2/catkin_ws/build_release/cisst/CMakeFiles/CMakeTmp/test_size_t.cpp
/home/davincic2/catkin_ws/build_release/cisst/CMakeFiles/CMakeTmp/test_size_t.cpp:2:16: warning: unused parameter ‘p’ [-Wunused-parameter]
           char method(unsigned int p) {
                ^
/home/davincic2/catkin_ws/build_release/cisst/CMakeFiles/CMakeTmp/test_size_t.cpp:5:16: warning: unused parameter ‘p’ [-Wunused-parameter]
           char method(unsigned long long int p) {
                ^
/home/davincic2/catkin_ws/build_release/cisst/CMakeFiles/CMakeTmp/test_size_t.cpp:8:23: error: ‘char method’ redeclared as different kind of symbol
           char method(size_t p) {
                       ^
/home/davincic2/catkin_ws/build_release/cisst/CMakeFiles/CMakeTmp/test_size_t.cpp:5:16: error: previous declaration of ‘char method(long long unsigned int)’
           char method(unsigned long long int p) {
                ^
/home/davincic2/catkin_ws/build_release/cisst/CMakeFiles/CMakeTmp/test_size_t.cpp:8:23: error: ‘size_t’ was not declared in this scope
           char method(size_t p) {
                       ^
/home/davincic2/catkin_ws/build_release/cisst/CMakeFiles/CMakeTmp/test_size_t.cpp:8:23: note: suggested alternatives:
In file included from /usr/include/c++/4.8/bits/stl_algobase.h:59:0,
                 from /usr/include/c++/4.8/vector:60,
                 from /home/davincic2/catkin_ws/build_release/cisst/CMakeFiles/CMakeTmp/test_size_t.cpp:1:
/usr/include/x86_64-linux-gnu/c++/4.8/bits/c++config.h:186:26: note:   ‘std::size_t’
   typedef __SIZE_TYPE__  size_t;
                          ^
/usr/include/x86_64-linux-gnu/c++/4.8/bits/c++config.h:186:26: note:   ‘std::size_t’
make[1]: *** [CMakeFiles/cmTryCompileExec1550904757.dir/test_size_t.cpp.o] Error 1
make[1]: Leaving directory `/home/davincic2/catkin_ws/build_release/cisst/CMakeFiles/CMakeTmp'
make: *** [cmTryCompileExec1550904757/fast] Error 2


Performing C++ SOURCE FILE Test CISST_OSTREAM_CAN_CAST_TO_INT failed with the following output:
Change Dir: /home/davincic2/catkin_ws/build_release/cisst/CMakeFiles/CMakeTmp

Run Build Command:/usr/bin/make "cmTryCompileExec2370560896/fast"
/usr/bin/make -f CMakeFiles/cmTryCompileExec2370560896.dir/build.make CMakeFiles/cmTryCompileExec2370560896.dir/build
make[1]: Entering directory `/home/davincic2/catkin_ws/build_release/cisst/CMakeFiles/CMakeTmp'
/usr/bin/cmake -E cmake_progress_report /home/davincic2/catkin_ws/build_release/cisst/CMakeFiles/CMakeTmp/CMakeFiles 1
Building CXX object CMakeFiles/cmTryCompileExec2370560896.dir/src.cxx.o
/usr/bin/c++    -fPIC -Wextra -Wall -DCISST_OSTREAM_CAN_CAST_TO_INT   -o CMakeFiles/cmTryCompileExec2370560896.dir/src.cxx.o -c /home/davincic2/catkin_ws/build_release/cisst/CMakeFiles/CMakeTmp/src.cxx
/home/davincic2/catkin_ws/build_release/cisst/CMakeFiles/CMakeTmp/src.cxx: In function ‘int main(int, char**)’:
/home/davincic2/catkin_ws/build_release/cisst/CMakeFiles/CMakeTmp/src.cxx:3:26: error: invalid user-defined conversion from ‘std::basic_ostream<char>’ to ‘int’ [-fpermissive]
     true ? 0 : std::cerr << "true";
                          ^
In file included from /usr/include/c++/4.8/ios:44:0,
                 from /usr/include/c++/4.8/ostream:38,
                 from /usr/include/c++/4.8/iostream:39,
                 from /home/davincic2/catkin_ws/build_release/cisst/CMakeFiles/CMakeTmp/src.cxx:1:
/usr/include/c++/4.8/bits/basic_ios.h:115:7: note: candidate is: std::basic_ios<_CharT, _Traits>::operator void*() const [with _CharT = char; _Traits = std::char_traits<char>] <near match>
       operator void*() const
       ^
/usr/include/c++/4.8/bits/basic_ios.h:115:7: note:   no known conversion for implicit ‘this’ parameter from ‘void*’ to ‘int’
/home/davincic2/catkin_ws/build_release/cisst/CMakeFiles/CMakeTmp/src.cxx:3:35: warning: statement has no effect [-Wunused-value]
     true ? 0 : std::cerr << "true";
                                   ^
/home/davincic2/catkin_ws/build_release/cisst/CMakeFiles/CMakeTmp/src.cxx:4:27: error: invalid user-defined conversion from ‘std::basic_ostream<char>’ to ‘int’ [-fpermissive]
     false ? 0 : std::cerr << "false";
                           ^
In file included from /usr/include/c++/4.8/ios:44:0,
                 from /usr/include/c++/4.8/ostream:38,
                 from /usr/include/c++/4.8/iostream:39,
                 from /home/davincic2/catkin_ws/build_release/cisst/CMakeFiles/CMakeTmp/src.cxx:1:
/usr/include/c++/4.8/bits/basic_ios.h:115:7: note: candidate is: std::basic_ios<_CharT, _Traits>::operator void*() const [with _CharT = char; _Traits = std::char_traits<char>] <near match>
       operator void*() const
       ^
/usr/include/c++/4.8/bits/basic_ios.h:115:7: note:   no known conversion for implicit ‘this’ parameter from ‘void*’ to ‘int’
/home/davincic2/catkin_ws/build_release/cisst/CMakeFiles/CMakeTmp/src.cxx:4:37: warning: value computed is not used [-Wunused-value]
     false ? 0 : std::cerr << "false";
                                     ^
/home/davincic2/catkin_ws/build_release/cisst/CMakeFiles/CMakeTmp/src.cxx: At global scope:
/home/davincic2/catkin_ws/build_release/cisst/CMakeFiles/CMakeTmp/src.cxx:2:5: warning: unused parameter ‘argc’ [-Wunused-parameter]
 int main(int argc, char ** argv) {
     ^
/home/davincic2/catkin_ws/build_release/cisst/CMakeFiles/CMakeTmp/src.cxx:2:5: warning: unused parameter ‘argv’ [-Wunused-parameter]
make[1]: Leaving directory `/home/davincic2/catkin_ws/build_release/cisst/CMakeFiles/CMakeTmp'
make[1]: *** [CMakeFiles/cmTryCompileExec2370560896.dir/src.cxx.o] Error 1
make: *** [cmTryCompileExec2370560896/fast] Error 2

Source file was:
#include <iostream>
int main(int argc, char ** argv) {
    true ? 0 : std::cerr << "true";
    false ? 0 : std::cerr << "false";
    return 0;
}
Determining if the pthread_create exist failed with the following output:
Change Dir: /home/davincic2/catkin_ws/build_release/cisst/CMakeFiles/CMakeTmp

Run Build Command:/usr/bin/make "cmTryCompileExec514153984/fast"
/usr/bin/make -f CMakeFiles/cmTryCompileExec514153984.dir/build.make CMakeFiles/cmTryCompileExec514153984.dir/build
make[1]: Entering directory `/home/davincic2/catkin_ws/build_release/cisst/CMakeFiles/CMakeTmp'
/usr/bin/cmake -E cmake_progress_report /home/davincic2/catkin_ws/build_release/cisst/CMakeFiles/CMakeTmp/CMakeFiles 1
Building C object CMakeFiles/cmTryCompileExec514153984.dir/CheckSymbolExists.c.o
/usr/bin/cc    -o CMakeFiles/cmTryCompileExec514153984.dir/CheckSymbolExists.c.o   -c /home/davincic2/catkin_ws/build_release/cisst/CMakeFiles/CMakeTmp/CheckSymbolExists.c
Linking C executable cmTryCompileExec514153984
/usr/bin/cmake -E cmake_link_script CMakeFiles/cmTryCompileExec514153984.dir/link.txt --verbose=1
/usr/bin/cc       CMakeFiles/cmTryCompileExec514153984.dir/CheckSymbolExists.c.o  -o cmTryCompileExec514153984 -rdynamic 
CMakeFiles/cmTryCompileExec514153984.dir/CheckSymbolExists.c.o: In function `main':
CheckSymbolExists.c:(.text+0x16): undefined reference to `pthread_create'
collect2: error: ld returned 1 exit status
make[1]: Leaving directory `/home/davincic2/catkin_ws/build_release/cisst/CMakeFiles/CMakeTmp'
make[1]: *** [cmTryCompileExec514153984] Error 1
make: *** [cmTryCompileExec514153984/fast] Error 2

File /home/davincic2/catkin_ws/build_release/cisst/CMakeFiles/CMakeTmp/CheckSymbolExists.c:
/* */
#include <pthread.h>

int main(int argc, char** argv)
{
  (void)argv;
#ifndef pthread_create
  return ((int*)(&pthread_create))[argc];
#else
  (void)argc;
  return 0;
#endif
}

Determining if the function pthread_create exists in the pthreads failed with the following output:
Change Dir: /home/davincic2/catkin_ws/build_release/cisst/CMakeFiles/CMakeTmp

Run Build Command:/usr/bin/make "cmTryCompileExec490783075/fast"
/usr/bin/make -f CMakeFiles/cmTryCompileExec490783075.dir/build.make CMakeFiles/cmTryCompileExec490783075.dir/build
make[1]: Entering directory `/home/davincic2/catkin_ws/build_release/cisst/CMakeFiles/CMakeTmp'
/usr/bin/cmake -E cmake_progress_report /home/davincic2/catkin_ws/build_release/cisst/CMakeFiles/CMakeTmp/CMakeFiles 1
Building C object CMakeFiles/cmTryCompileExec490783075.dir/CheckFunctionExists.c.o
/usr/bin/cc   -DCHECK_FUNCTION_EXISTS=pthread_create   -o CMakeFiles/cmTryCompileExec490783075.dir/CheckFunctionExists.c.o   -c /usr/share/cmake-2.8/Modules/CheckFunctionExists.c
Linking C executable cmTryCompileExec490783075
/usr/bin/cmake -E cmake_link_script CMakeFiles/cmTryCompileExec490783075.dir/link.txt --verbose=1
/usr/bin/cc   -DCHECK_FUNCTION_EXISTS=pthread_create    CMakeFiles/cmTryCompileExec490783075.dir/CheckFunctionExists.c.o  -o cmTryCompileExec490783075 -rdynamic -lpthreads 
/usr/bin/ld: cannot find -lpthreads
collect2: error: ld returned 1 exit status
make[1]: Leaving directory `/home/davincic2/catkin_ws/build_release/cisst/CMakeFiles/CMakeTmp'
make[1]: *** [cmTryCompileExec490783075] Error 1
make: *** [cmTryCompileExec490783075/fast] Error 2


