Determining if the pthread_create exist failed with the following output:
Change Dir: /home/davincic2/catkin_ws/build_debug/cisst_ros_bridge/CMakeFiles/CMakeTmp

Run Build Command:/usr/bin/make "cmTryCompileExec1628050117/fast"
/usr/bin/make -f CMakeFiles/cmTryCompileExec1628050117.dir/build.make CMakeFiles/cmTryCompileExec1628050117.dir/build
make[1]: Entering directory `/home/davincic2/catkin_ws/build_debug/cisst_ros_bridge/CMakeFiles/CMakeTmp'
/usr/bin/cmake -E cmake_progress_report /home/davincic2/catkin_ws/build_debug/cisst_ros_bridge/CMakeFiles/CMakeTmp/CMakeFiles 1
Building C object CMakeFiles/cmTryCompileExec1628050117.dir/CheckSymbolExists.c.o
/usr/bin/cc    -o CMakeFiles/cmTryCompileExec1628050117.dir/CheckSymbolExists.c.o   -c /home/davincic2/catkin_ws/build_debug/cisst_ros_bridge/CMakeFiles/CMakeTmp/CheckSymbolExists.c
Linking C executable cmTryCompileExec1628050117
/usr/bin/cmake -E cmake_link_script CMakeFiles/cmTryCompileExec1628050117.dir/link.txt --verbose=1
/usr/bin/cc       CMakeFiles/cmTryCompileExec1628050117.dir/CheckSymbolExists.c.o  -o cmTryCompileExec1628050117 -rdynamic 
CMakeFiles/cmTryCompileExec1628050117.dir/CheckSymbolExists.c.o: In function `main':
CheckSymbolExists.c:(.text+0x16): undefined reference to `pthread_create'
collect2: error: ld returned 1 exit status
make[1]: Leaving directory `/home/davincic2/catkin_ws/build_debug/cisst_ros_bridge/CMakeFiles/CMakeTmp'
make[1]: *** [cmTryCompileExec1628050117] Error 1
make: *** [cmTryCompileExec1628050117/fast] Error 2

File /home/davincic2/catkin_ws/build_debug/cisst_ros_bridge/CMakeFiles/CMakeTmp/CheckSymbolExists.c:
/* */
#include <pthread.h>

int main(int argc, char** argv)
{
  (void)argv;
#ifndef pthread_create
  return ((int*)(&pthread_create))[argc];
#else
  (void)argc;
  return 0;
#endif
}

Determining if the function pthread_create exists in the pthreads failed with the following output:
Change Dir: /home/davincic2/catkin_ws/build_debug/cisst_ros_bridge/CMakeFiles/CMakeTmp

Run Build Command:/usr/bin/make "cmTryCompileExec2618977388/fast"
/usr/bin/make -f CMakeFiles/cmTryCompileExec2618977388.dir/build.make CMakeFiles/cmTryCompileExec2618977388.dir/build
make[1]: Entering directory `/home/davincic2/catkin_ws/build_debug/cisst_ros_bridge/CMakeFiles/CMakeTmp'
/usr/bin/cmake -E cmake_progress_report /home/davincic2/catkin_ws/build_debug/cisst_ros_bridge/CMakeFiles/CMakeTmp/CMakeFiles 1
Building C object CMakeFiles/cmTryCompileExec2618977388.dir/CheckFunctionExists.c.o
/usr/bin/cc   -DCHECK_FUNCTION_EXISTS=pthread_create   -o CMakeFiles/cmTryCompileExec2618977388.dir/CheckFunctionExists.c.o   -c /usr/share/cmake-2.8/Modules/CheckFunctionExists.c
Linking C executable cmTryCompileExec2618977388
/usr/bin/cmake -E cmake_link_script CMakeFiles/cmTryCompileExec2618977388.dir/link.txt --verbose=1
/usr/bin/cc   -DCHECK_FUNCTION_EXISTS=pthread_create    CMakeFiles/cmTryCompileExec2618977388.dir/CheckFunctionExists.c.o  -o cmTryCompileExec2618977388 -rdynamic -lpthreads 
/usr/bin/ld: cannot find -lpthreads
collect2: error: ld returned 1 exit status
make[1]: *** [cmTryCompileExec2618977388] Error 1
make[1]: Leaving directory `/home/davincic2/catkin_ws/build_debug/cisst_ros_bridge/CMakeFiles/CMakeTmp'
make: *** [cmTryCompileExec2618977388/fast] Error 2


